2023-02-13 10:10:03.232 INFO  com.example.wiki.WikiApplication                  :55   [32m                  [0;39m Starting WikiApplication using Java 1.8.0_181 on DESKTOP-7STC1JQ with PID 14924 (E:\ideafile\spring\wiki\target\classes started by ADMIN in E:\ideafile\spring\wiki)
2023-02-13 10:10:03.232 INFO  com.example.wiki.WikiApplication                  :634  [32m                  [0;39m No active profile set, falling back to 1 default profile: "default"
2023-02-13 10:10:04.070 INFO  o.s.boot.web.embedded.tomcat.TomcatWebServer      :108  [32m                  [0;39m Tomcat initialized with port(s): 80 (http)
2023-02-13 10:10:04.070 INFO  org.apache.coyote.http11.Http11NioProtocol        :173  [32m                  [0;39m Initializing ProtocolHandler ["http-nio-80"]
2023-02-13 10:10:04.085 INFO  org.apache.catalina.core.StandardService          :173  [32m                  [0;39m Starting service [Tomcat]
2023-02-13 10:10:04.085 INFO  org.apache.catalina.core.StandardEngine           :173  [32m                  [0;39m Starting Servlet engine: [Apache Tomcat/9.0.68]
2023-02-13 10:10:04.195 INFO  o.a.c.core.ContainerBase.[Tomcat].[localhost].[/] :173  [32m                  [0;39m Initializing Spring embedded WebApplicationContext
2023-02-13 10:10:04.195 INFO  o.s.b.w.s.c.ServletWebServerApplicationContext    :292  [32m                  [0;39m Root WebApplicationContext: initialization completed in 915 ms
2023-02-13 10:10:05.097 INFO  org.apache.coyote.http11.Http11NioProtocol        :173  [32m                  [0;39m Starting ProtocolHandler ["http-nio-80"]
2023-02-13 10:10:05.113 INFO  o.s.boot.web.embedded.tomcat.TomcatWebServer      :220  [32m                  [0;39m Tomcat started on port(s): 80 (http) with context path ''
2023-02-13 10:10:05.129 INFO  com.example.wiki.WikiApplication                  :61   [32m                  [0;39m Started WikiApplication in 2.331 seconds (JVM running for 3.39)
2023-02-13 10:10:37.817 INFO  o.a.c.core.ContainerBase.[Tomcat].[localhost].[/] :173  [32m                  [0;39m Initializing Spring DispatcherServlet 'dispatcherServlet'
2023-02-13 10:10:37.817 INFO  org.springframework.web.servlet.DispatcherServlet :525  [32m                  [0;39m Initializing Servlet 'dispatcherServlet'
2023-02-13 10:10:37.819 INFO  org.springframework.web.servlet.DispatcherServlet :547  [32m                  [0;39m Completed initialization in 1 ms
2023-02-13 10:10:37.924 INFO  com.zaxxer.hikari.HikariDataSource                :110  [32m                  [0;39m HikariPool-1 - Starting...
2023-02-13 10:10:38.464 INFO  com.zaxxer.hikari.HikariDataSource                :123  [32m                  [0;39m HikariPool-1 - Start completed.
2023-02-13 13:54:42.619 WARN  com.zaxxer.hikari.pool.HikariPool                 :788  [32m                  [0;39m HikariPool-1 - Thread starvation or clock leap detected (housekeeper delta=2h44m3s46ms604µs).
2023-02-13 15:07:41.561 INFO  com.zaxxer.hikari.HikariDataSource                :350  [32m                  [0;39m HikariPool-1 - Shutdown initiated...
2023-02-13 15:07:41.579 INFO  com.zaxxer.hikari.HikariDataSource                :352  [32m                  [0;39m HikariPool-1 - Shutdown completed.
2023-02-13 15:07:48.091 INFO  com.example.wiki.WikiApplication                  :55   [32m                  [0;39m Starting WikiApplication using Java 1.8.0_181 on DESKTOP-7STC1JQ with PID 2360 (E:\ideafile\spring\wiki\target\classes started by ADMIN in E:\ideafile\spring\wiki)
2023-02-13 15:07:48.096 INFO  com.example.wiki.WikiApplication                  :634  [32m                  [0;39m No active profile set, falling back to 1 default profile: "default"
2023-02-13 15:07:48.959 INFO  o.s.boot.web.embedded.tomcat.TomcatWebServer      :108  [32m                  [0;39m Tomcat initialized with port(s): 80 (http)
2023-02-13 15:07:48.959 INFO  org.apache.coyote.http11.Http11NioProtocol        :173  [32m                  [0;39m Initializing ProtocolHandler ["http-nio-80"]
2023-02-13 15:07:48.959 INFO  org.apache.catalina.core.StandardService          :173  [32m                  [0;39m Starting service [Tomcat]
2023-02-13 15:07:48.959 INFO  org.apache.catalina.core.StandardEngine           :173  [32m                  [0;39m Starting Servlet engine: [Apache Tomcat/9.0.68]
2023-02-13 15:07:49.049 INFO  o.a.c.core.ContainerBase.[Tomcat].[localhost].[/] :173  [32m                  [0;39m Initializing Spring embedded WebApplicationContext
2023-02-13 15:07:49.049 INFO  o.s.b.w.s.c.ServletWebServerApplicationContext    :292  [32m                  [0;39m Root WebApplicationContext: initialization completed in 916 ms
2023-02-13 15:07:49.959 INFO  org.apache.coyote.http11.Http11NioProtocol        :173  [32m                  [0;39m Starting ProtocolHandler ["http-nio-80"]
2023-02-13 15:07:49.969 INFO  o.s.boot.web.embedded.tomcat.TomcatWebServer      :220  [32m                  [0;39m Tomcat started on port(s): 80 (http) with context path ''
2023-02-13 15:07:49.981 INFO  com.example.wiki.WikiApplication                  :61   [32m                  [0;39m Started WikiApplication in 2.31 seconds (JVM running for 3.155)
2023-02-13 15:08:00.418 INFO  o.a.c.core.ContainerBase.[Tomcat].[localhost].[/] :173  [32m                  [0;39m Initializing Spring DispatcherServlet 'dispatcherServlet'
2023-02-13 15:08:00.419 INFO  org.springframework.web.servlet.DispatcherServlet :525  [32m                  [0;39m Initializing Servlet 'dispatcherServlet'
2023-02-13 15:08:00.420 INFO  org.springframework.web.servlet.DispatcherServlet :547  [32m                  [0;39m Completed initialization in 1 ms
2023-02-13 15:08:00.427 INFO  com.example.wiki.LogFilter.Filter                 :21   [32m                  [0;39m 当前的请求地址为/ebook/list
2023-02-13 15:08:00.429 INFO  com.example.wiki.LogFilter.Filter                 :22   [32m                  [0;39m 当前的请求方式为GET
2023-02-13 15:08:00.490 INFO  com.zaxxer.hikari.HikariDataSource                :110  [32m                  [0;39m HikariPool-1 - Starting...
2023-02-13 15:08:01.439 INFO  com.zaxxer.hikari.HikariDataSource                :123  [32m                  [0;39m HikariPool-1 - Start completed.
2023-02-13 15:08:01.546 INFO  com.example.wiki.LogFilter.Filter                 :25   [32m                  [0;39m 当前请求耗时1117
