2023-02-23 13:55:56.701 INFO  com.example.wiki.WikiApplication                  :55   [32m                  [0;39m Starting WikiApplication using Java 1.8.0_181 on DESKTOP-7STC1JQ with PID 14096 (E:\ideafile\spring\wiki\target\classes started by ADMIN in E:\ideafile\spring\wiki)
2023-02-23 13:55:56.709 INFO  com.example.wiki.WikiApplication                  :634  [32m                  [0;39m No active profile set, falling back to 1 default profile: "default"
2023-02-23 13:55:58.038 INFO  o.s.d.r.config.RepositoryConfigurationDelegate    :262  [32m                  [0;39m Multiple Spring Data modules found, entering strict repository configuration mode
2023-02-23 13:55:58.038 INFO  o.s.d.r.config.RepositoryConfigurationDelegate    :132  [32m                  [0;39m Bootstrapping Spring Data Redis repositories in DEFAULT mode.
2023-02-23 13:55:58.079 INFO  o.s.d.r.config.RepositoryConfigurationDelegate    :201  [32m                  [0;39m Finished Spring Data repository scanning in 16 ms. Found 0 Redis repository interfaces.
2023-02-23 13:55:58.222 WARN  org.mybatis.spring.mapper.ClassPathMapperScanner  :44   [32m                  [0;39m Skipping MapperFactoryBean with name 'categoryMapper' and 'com.example.wiki.mapper.CategoryMapper' mapperInterface. Bean already defined with the same name!
2023-02-23 13:55:58.222 WARN  org.mybatis.spring.mapper.ClassPathMapperScanner  :44   [32m                  [0;39m Skipping MapperFactoryBean with name 'contentMapper' and 'com.example.wiki.mapper.ContentMapper' mapperInterface. Bean already defined with the same name!
2023-02-23 13:55:58.222 WARN  org.mybatis.spring.mapper.ClassPathMapperScanner  :44   [32m                  [0;39m Skipping MapperFactoryBean with name 'docMapper' and 'com.example.wiki.mapper.DocMapper' mapperInterface. Bean already defined with the same name!
2023-02-23 13:55:58.222 WARN  org.mybatis.spring.mapper.ClassPathMapperScanner  :44   [32m                  [0;39m Skipping MapperFactoryBean with name 'ebookMapper' and 'com.example.wiki.mapper.EbookMapper' mapperInterface. Bean already defined with the same name!
2023-02-23 13:55:58.222 WARN  org.mybatis.spring.mapper.ClassPathMapperScanner  :44   [32m                  [0;39m Skipping MapperFactoryBean with name 'testMapper' and 'com.example.wiki.mapper.TestMapper' mapperInterface. Bean already defined with the same name!
2023-02-23 13:55:58.222 WARN  org.mybatis.spring.mapper.ClassPathMapperScanner  :44   [32m                  [0;39m Skipping MapperFactoryBean with name 'userMapper' and 'com.example.wiki.mapper.UserMapper' mapperInterface. Bean already defined with the same name!
2023-02-23 13:55:58.222 WARN  org.mybatis.spring.mapper.ClassPathMapperScanner  :44   [32m                  [0;39m No MyBatis mapper was found in '[com.example.wiki.mapper]' package. Please check your configuration.
2023-02-23 13:55:58.713 INFO  o.s.boot.web.embedded.tomcat.TomcatWebServer      :108  [32m                  [0;39m Tomcat initialized with port(s): 80 (http)
2023-02-23 13:55:58.720 INFO  org.apache.coyote.http11.Http11NioProtocol        :173  [32m                  [0;39m Initializing ProtocolHandler ["http-nio-80"]
2023-02-23 13:55:58.727 INFO  org.apache.catalina.core.StandardService          :173  [32m                  [0;39m Starting service [Tomcat]
2023-02-23 13:55:58.727 INFO  org.apache.catalina.core.StandardEngine           :173  [32m                  [0;39m Starting Servlet engine: [Apache Tomcat/9.0.68]
2023-02-23 13:55:58.938 INFO  o.a.c.core.ContainerBase.[Tomcat].[localhost].[/] :173  [32m                  [0;39m Initializing Spring embedded WebApplicationContext
2023-02-23 13:55:58.938 INFO  o.s.b.w.s.c.ServletWebServerApplicationContext    :292  [32m                  [0;39m Root WebApplicationContext: initialization completed in 2170 ms
2023-02-23 13:56:01.167 INFO  org.apache.coyote.http11.Http11NioProtocol        :173  [32m                  [0;39m Starting ProtocolHandler ["http-nio-80"]
2023-02-23 13:56:01.189 INFO  o.s.boot.web.embedded.tomcat.TomcatWebServer      :220  [32m                  [0;39m Tomcat started on port(s): 80 (http) with context path ''
2023-02-23 13:56:01.210 INFO  com.example.wiki.WikiApplication                  :61   [32m                  [0;39m Started WikiApplication in 5.34 seconds (JVM running for 7.279)
2023-02-23 13:58:19.870 INFO  o.a.c.core.ContainerBase.[Tomcat].[localhost].[/] :173  [32m                  [0;39m Initializing Spring DispatcherServlet 'dispatcherServlet'
2023-02-23 13:58:19.870 INFO  org.springframework.web.servlet.DispatcherServlet :525  [32m                  [0;39m Initializing Servlet 'dispatcherServlet'
2023-02-23 13:58:19.886 INFO  org.springframework.web.servlet.DispatcherServlet :547  [32m                  [0;39m Completed initialization in 16 ms
2023-02-23 13:58:19.886 INFO  com.example.wiki.LogFilter.Filter                 :21   [32m                  [0;39m å½“å‰çš„è¯·æ±‚åœ°å€ä¸º/category/list
2023-02-23 13:58:19.886 INFO  com.example.wiki.LogFilter.Filter                 :22   [32m                  [0;39m è¿œç¨‹åœ°å€ä¸º0:0:0:0:0:0:0:1
2023-02-23 13:58:19.886 INFO  com.example.wiki.LogFilter.Filter                 :23   [32m                  [0;39m å½“å‰çš„è¯·æ±‚æ–¹å¼ä¸ºGET
2023-02-23 13:58:19.921 INFO  com.example.wiki.Interceptor.PostHandler          :17   [32m                  [0;39m å½“å‰çš„è¯·æ±‚åœ°å€ä¸º/category/list
2023-02-23 13:58:19.937 INFO  com.example.wiki.Interceptor.PostHandler          :18   [32m                  [0;39m è¿œç¨‹åœ°å€ä¸º0:0:0:0:0:0:0:1
2023-02-23 13:58:19.937 INFO  com.example.wiki.Interceptor.PostHandler          :19   [32m                  [0;39m å½“å‰çš„è¯·æ±‚æ–¹å¼ä¸ºGET
2023-02-23 13:58:20.082 INFO  com.zaxxer.hikari.HikariDataSource                :110  [32m                  [0;39m HikariPool-1 - Starting...
2023-02-23 13:58:21.834 INFO  com.zaxxer.hikari.HikariDataSource                :123  [32m                  [0;39m HikariPool-1 - Start completed.
2023-02-23 13:58:22.197 INFO  com.example.wiki.Interceptor.PostHandler          :29   [32m                  [0;39m -----å½“å‰è¯·æ±‚è€—æ—¶:2260ms-----
2023-02-23 13:58:22.197 INFO  com.example.wiki.LogFilter.Filter                 :26   [32m                  [0;39m å½“å‰è¯·æ±‚è€—æ—¶2311ms
2023-02-23 13:58:22.197 INFO  com.example.wiki.LogFilter.Filter                 :21   [32m                  [0;39m å½“å‰çš„è¯·æ±‚åœ°å€ä¸º/category/list
2023-02-23 13:58:22.197 INFO  com.example.wiki.LogFilter.Filter                 :22   [32m                  [0;39m è¿œç¨‹åœ°å€ä¸º0:0:0:0:0:0:0:1
2023-02-23 13:58:22.197 INFO  com.example.wiki.LogFilter.Filter                 :23   [32m                  [0;39m å½“å‰çš„è¯·æ±‚æ–¹å¼ä¸ºGET
2023-02-23 13:58:22.197 INFO  com.example.wiki.Interceptor.PostHandler          :17   [32m                  [0;39m å½“å‰çš„è¯·æ±‚åœ°å€ä¸º/category/list
2023-02-23 13:58:22.197 INFO  com.example.wiki.Interceptor.PostHandler          :18   [32m                  [0;39m è¿œç¨‹åœ°å€ä¸º0:0:0:0:0:0:0:1
2023-02-23 13:58:22.197 INFO  com.example.wiki.Interceptor.PostHandler          :19   [32m                  [0;39m å½“å‰çš„è¯·æ±‚æ–¹å¼ä¸ºGET
2023-02-23 13:58:22.228 INFO  com.example.wiki.Interceptor.PostHandler          :29   [32m                  [0;39m -----å½“å‰è¯·æ±‚è€—æ—¶:31ms-----
2023-02-23 13:58:22.228 INFO  com.example.wiki.LogFilter.Filter                 :26   [32m                  [0;39m å½“å‰è¯·æ±‚è€—æ—¶31ms
2023-02-23 14:00:48.613 INFO  com.example.wiki.LogFilter.Filter                 :21   [32m                  [0;39m å½“å‰çš„è¯·æ±‚åœ°å€ä¸º/category/getParentId/102
2023-02-23 14:00:48.613 INFO  com.example.wiki.LogFilter.Filter                 :22   [32m                  [0;39m è¿œç¨‹åœ°å€ä¸º0:0:0:0:0:0:0:1
2023-02-23 14:00:48.613 INFO  com.example.wiki.LogFilter.Filter                 :23   [32m                  [0;39m å½“å‰çš„è¯·æ±‚æ–¹å¼ä¸ºGET
2023-02-23 14:00:48.629 INFO  com.example.wiki.Interceptor.PostHandler          :17   [32m                  [0;39m å½“å‰çš„è¯·æ±‚åœ°å€ä¸º/category/getParentId/102
2023-02-23 14:00:48.629 INFO  com.example.wiki.Interceptor.PostHandler          :18   [32m                  [0;39m è¿œç¨‹åœ°å€ä¸º0:0:0:0:0:0:0:1
2023-02-23 14:00:48.629 INFO  com.example.wiki.Interceptor.PostHandler          :19   [32m                  [0;39m å½“å‰çš„è¯·æ±‚æ–¹å¼ä¸ºGET
2023-02-23 14:00:48.787 INFO  com.example.wiki.Interceptor.PostHandler          :29   [32m                  [0;39m -----å½“å‰è¯·æ±‚è€—æ—¶:143ms-----
2023-02-23 14:00:48.787 INFO  com.example.wiki.LogFilter.Filter                 :26   [32m                  [0;39m å½“å‰è¯·æ±‚è€—æ—¶174ms
2023-02-23 14:00:49.697 INFO  com.example.wiki.LogFilter.Filter                 :21   [32m                  [0;39m å½“å‰çš„è¯·æ±‚åœ°å€ä¸º/category/getParentId/101
2023-02-23 14:00:49.697 INFO  com.example.wiki.LogFilter.Filter                 :22   [32m                  [0;39m è¿œç¨‹åœ°å€ä¸º0:0:0:0:0:0:0:1
2023-02-23 14:00:49.697 INFO  com.example.wiki.LogFilter.Filter                 :23   [32m                  [0;39m å½“å‰çš„è¯·æ±‚æ–¹å¼ä¸ºGET
2023-02-23 14:00:49.697 INFO  com.example.wiki.Interceptor.PostHandler          :17   [32m                  [0;39m å½“å‰çš„è¯·æ±‚åœ°å€ä¸º/category/getParentId/101
2023-02-23 14:00:49.697 INFO  com.example.wiki.Interceptor.PostHandler          :18   [32m                  [0;39m è¿œç¨‹åœ°å€ä¸º0:0:0:0:0:0:0:1
2023-02-23 14:00:49.697 INFO  com.example.wiki.Interceptor.PostHandler          :19   [32m                  [0;39m å½“å‰çš„è¯·æ±‚æ–¹å¼ä¸ºGET
2023-02-23 14:00:49.729 INFO  com.example.wiki.Interceptor.PostHandler          :29   [32m                  [0;39m -----å½“å‰è¯·æ±‚è€—æ—¶:32ms-----
2023-02-23 14:00:49.729 INFO  com.example.wiki.LogFilter.Filter                 :26   [32m                  [0;39m å½“å‰è¯·æ±‚è€—æ—¶32ms
2023-02-23 14:00:51.388 INFO  com.example.wiki.LogFilter.Filter                 :21   [32m                  [0;39m å½“å‰çš„è¯·æ±‚åœ°å€ä¸º/doc/doclist/1
2023-02-23 14:00:51.388 INFO  com.example.wiki.LogFilter.Filter                 :22   [32m                  [0;39m è¿œç¨‹åœ°å€ä¸º0:0:0:0:0:0:0:1
2023-02-23 14:00:51.388 INFO  com.example.wiki.LogFilter.Filter                 :23   [32m                  [0;39m å½“å‰çš„è¯·æ±‚æ–¹å¼ä¸ºGET
2023-02-23 14:00:51.392 INFO  com.example.wiki.Interceptor.PostHandler          :17   [32m                  [0;39m å½“å‰çš„è¯·æ±‚åœ°å€ä¸º/doc/doclist/1
2023-02-23 14:00:51.396 INFO  com.example.wiki.Interceptor.PostHandler          :18   [32m                  [0;39m è¿œç¨‹åœ°å€ä¸º0:0:0:0:0:0:0:1
2023-02-23 14:00:51.396 INFO  com.example.wiki.Interceptor.PostHandler          :19   [32m                  [0;39m å½“å‰çš„è¯·æ±‚æ–¹å¼ä¸ºGET
2023-02-23 14:00:51.537 INFO  com.example.wiki.Interceptor.PostHandler          :29   [32m                  [0;39m -----å½“å‰è¯·æ±‚è€—æ—¶:141ms-----
2023-02-23 14:00:51.537 INFO  com.example.wiki.LogFilter.Filter                 :26   [32m                  [0;39m å½“å‰è¯·æ±‚è€—æ—¶149ms
2023-02-23 14:00:58.559 INFO  com.example.wiki.LogFilter.Filter                 :21   [32m                  [0;39m å½“å‰çš„è¯·æ±‚åœ°å€ä¸º/doc/detail/2
2023-02-23 14:00:58.559 INFO  com.example.wiki.LogFilter.Filter                 :22   [32m                  [0;39m è¿œç¨‹åœ°å€ä¸º0:0:0:0:0:0:0:1
2023-02-23 14:00:58.559 INFO  com.example.wiki.LogFilter.Filter                 :23   [32m                  [0;39m å½“å‰çš„è¯·æ±‚æ–¹å¼ä¸ºGET
2023-02-23 14:00:58.559 INFO  com.example.wiki.Interceptor.PostHandler          :17   [32m                  [0;39m å½“å‰çš„è¯·æ±‚åœ°å€ä¸º/doc/detail/2
2023-02-23 14:00:58.559 INFO  com.example.wiki.Interceptor.PostHandler          :18   [32m                  [0;39m è¿œç¨‹åœ°å€ä¸º0:0:0:0:0:0:0:1
2023-02-23 14:00:58.574 INFO  com.example.wiki.Interceptor.PostHandler          :19   [32m                  [0;39m å½“å‰çš„è¯·æ±‚æ–¹å¼ä¸ºGET
2023-02-23 14:00:58.637 INFO  com.example.wiki.Interceptor.PostHandler          :29   [32m                  [0;39m -----å½“å‰è¯·æ±‚è€—æ—¶:63ms-----
2023-02-23 14:00:58.637 INFO  com.example.wiki.LogFilter.Filter                 :26   [32m                  [0;39m å½“å‰è¯·æ±‚è€—æ—¶78ms
2023-02-23 14:01:08.919 INFO  com.example.wiki.LogFilter.Filter                 :21   [32m                  [0;39m å½“å‰çš„è¯·æ±‚åœ°å€ä¸º/doc/detail/2
2023-02-23 14:01:08.919 INFO  com.example.wiki.LogFilter.Filter                 :22   [32m                  [0;39m è¿œç¨‹åœ°å€ä¸º0:0:0:0:0:0:0:1
2023-02-23 14:01:08.919 INFO  com.example.wiki.LogFilter.Filter                 :23   [32m                  [0;39m å½“å‰çš„è¯·æ±‚æ–¹å¼ä¸ºGET
2023-02-23 14:01:08.919 INFO  com.example.wiki.Interceptor.PostHandler          :17   [32m                  [0;39m å½“å‰çš„è¯·æ±‚åœ°å€ä¸º/doc/detail/2
2023-02-23 14:01:08.919 INFO  com.example.wiki.Interceptor.PostHandler          :18   [32m                  [0;39m è¿œç¨‹åœ°å€ä¸º0:0:0:0:0:0:0:1
2023-02-23 14:01:08.919 INFO  com.example.wiki.Interceptor.PostHandler          :19   [32m                  [0;39m å½“å‰çš„è¯·æ±‚æ–¹å¼ä¸ºGET
2023-02-23 14:01:08.934 INFO  com.example.wiki.Interceptor.PostHandler          :29   [32m                  [0;39m -----å½“å‰è¯·æ±‚è€—æ—¶:15ms-----
2023-02-23 14:01:08.934 INFO  com.example.wiki.LogFilter.Filter                 :26   [32m                  [0;39m å½“å‰è¯·æ±‚è€—æ—¶15ms
2023-02-23 14:01:15.685 INFO  com.example.wiki.LogFilter.Filter                 :21   [32m                  [0;39m å½“å‰çš„è¯·æ±‚åœ°å€ä¸º/doc/detail/2
2023-02-23 14:01:15.685 INFO  com.example.wiki.LogFilter.Filter                 :22   [32m                  [0;39m è¿œç¨‹åœ°å€ä¸º0:0:0:0:0:0:0:1
2023-02-23 14:01:15.685 INFO  com.example.wiki.LogFilter.Filter                 :23   [32m                  [0;39m å½“å‰çš„è¯·æ±‚æ–¹å¼ä¸ºGET
2023-02-23 14:01:15.704 INFO  com.example.wiki.Interceptor.PostHandler          :17   [32m                  [0;39m å½“å‰çš„è¯·æ±‚åœ°å€ä¸º/doc/detail/2
2023-02-23 14:01:15.704 INFO  com.example.wiki.Interceptor.PostHandler          :18   [32m                  [0;39m è¿œç¨‹åœ°å€ä¸º0:0:0:0:0:0:0:1
2023-02-23 14:01:15.704 INFO  com.example.wiki.Interceptor.PostHandler          :19   [32m                  [0;39m å½“å‰çš„è¯·æ±‚æ–¹å¼ä¸ºGET
2023-02-23 14:01:15.751 INFO  com.example.wiki.Interceptor.PostHandler          :29   [32m                  [0;39m -----å½“å‰è¯·æ±‚è€—æ—¶:47ms-----
2023-02-23 14:01:15.751 INFO  com.example.wiki.LogFilter.Filter                 :26   [32m                  [0;39m å½“å‰è¯·æ±‚è€—æ—¶66ms
2023-02-23 14:01:21.406 INFO  com.example.wiki.LogFilter.Filter                 :21   [32m                  [0;39m å½“å‰çš„è¯·æ±‚åœ°å€ä¸º/doc/delete/2
2023-02-23 14:01:21.406 INFO  com.example.wiki.LogFilter.Filter                 :22   [32m                  [0;39m è¿œç¨‹åœ°å€ä¸º0:0:0:0:0:0:0:1
2023-02-23 14:01:21.406 INFO  com.example.wiki.LogFilter.Filter                 :23   [32m                  [0;39m å½“å‰çš„è¯·æ±‚æ–¹å¼ä¸ºOPTIONS
2023-02-23 14:01:21.406 INFO  com.example.wiki.Interceptor.PostHandler          :17   [32m                  [0;39m å½“å‰çš„è¯·æ±‚åœ°å€ä¸º/doc/delete/2
2023-02-23 14:01:21.406 INFO  com.example.wiki.Interceptor.PostHandler          :18   [32m                  [0;39m è¿œç¨‹åœ°å€ä¸º0:0:0:0:0:0:0:1
2023-02-23 14:01:21.406 INFO  com.example.wiki.Interceptor.PostHandler          :19   [32m                  [0;39m å½“å‰çš„è¯·æ±‚æ–¹å¼ä¸ºOPTIONS
2023-02-23 14:01:21.406 INFO  com.example.wiki.Interceptor.PostHandler          :29   [32m                  [0;39m -----å½“å‰è¯·æ±‚è€—æ—¶:0ms-----
2023-02-23 14:01:21.422 INFO  com.example.wiki.LogFilter.Filter                 :26   [32m                  [0;39m å½“å‰è¯·æ±‚è€—æ—¶16ms
2023-02-23 14:01:21.422 INFO  com.example.wiki.LogFilter.Filter                 :21   [32m                  [0;39m å½“å‰çš„è¯·æ±‚åœ°å€ä¸º/doc/delete/2
2023-02-23 14:01:21.438 INFO  com.example.wiki.LogFilter.Filter                 :22   [32m                  [0;39m è¿œç¨‹åœ°å€ä¸º0:0:0:0:0:0:0:1
2023-02-23 14:01:21.438 INFO  com.example.wiki.LogFilter.Filter                 :23   [32m                  [0;39m å½“å‰çš„è¯·æ±‚æ–¹å¼ä¸ºDELETE
2023-02-23 14:01:21.438 INFO  com.example.wiki.Interceptor.PostHandler          :17   [32m                  [0;39m å½“å‰çš„è¯·æ±‚åœ°å€ä¸º/doc/delete/2
2023-02-23 14:01:21.438 INFO  com.example.wiki.Interceptor.PostHandler          :18   [32m                  [0;39m è¿œç¨‹åœ°å€ä¸º0:0:0:0:0:0:0:1
2023-02-23 14:01:21.438 INFO  com.example.wiki.Interceptor.PostHandler          :19   [32m                  [0;39m å½“å‰çš„è¯·æ±‚æ–¹å¼ä¸ºDELETE
2023-02-23 14:01:21.503 INFO  com.example.wiki.Interceptor.PostHandler          :29   [32m                  [0;39m -----å½“å‰è¯·æ±‚è€—æ—¶:65ms-----
2023-02-23 14:01:21.503 INFO  com.example.wiki.LogFilter.Filter                 :26   [32m                  [0;39m å½“å‰è¯·æ±‚è€—æ—¶65ms
2023-02-23 14:01:21.518 INFO  com.example.wiki.LogFilter.Filter                 :21   [32m                  [0;39m å½“å‰çš„è¯·æ±‚åœ°å€ä¸º/doc/list
2023-02-23 14:01:21.518 INFO  com.example.wiki.LogFilter.Filter                 :22   [32m                  [0;39m è¿œç¨‹åœ°å€ä¸º0:0:0:0:0:0:0:1
2023-02-23 14:01:21.534 INFO  com.example.wiki.LogFilter.Filter                 :23   [32m                  [0;39m å½“å‰çš„è¯·æ±‚æ–¹å¼ä¸ºGET
2023-02-23 14:01:21.534 INFO  com.example.wiki.Interceptor.PostHandler          :17   [32m                  [0;39m å½“å‰çš„è¯·æ±‚åœ°å€ä¸º/doc/list
2023-02-23 14:01:21.534 INFO  com.example.wiki.Interceptor.PostHandler          :18   [32m                  [0;39m è¿œç¨‹åœ°å€ä¸º0:0:0:0:0:0:0:1
2023-02-23 14:01:21.534 INFO  com.example.wiki.Interceptor.PostHandler          :19   [32m                  [0;39m å½“å‰çš„è¯·æ±‚æ–¹å¼ä¸ºGET
2023-02-23 14:01:21.565 INFO  com.example.wiki.Interceptor.PostHandler          :29   [32m                  [0;39m -----å½“å‰è¯·æ±‚è€—æ—¶:31ms-----
2023-02-23 14:01:21.565 INFO  com.example.wiki.LogFilter.Filter                 :26   [32m                  [0;39m å½“å‰è¯·æ±‚è€—æ—¶31ms
2023-02-23 14:01:30.990 INFO  com.example.wiki.LogFilter.Filter                 :21   [32m                  [0;39m å½“å‰çš„è¯·æ±‚åœ°å€ä¸º/doc/doclist/1
2023-02-23 14:01:30.990 INFO  com.example.wiki.LogFilter.Filter                 :22   [32m                  [0;39m è¿œç¨‹åœ°å€ä¸º0:0:0:0:0:0:0:1
2023-02-23 14:01:30.990 INFO  com.example.wiki.LogFilter.Filter                 :23   [32m                  [0;39m å½“å‰çš„è¯·æ±‚æ–¹å¼ä¸ºGET
2023-02-23 14:01:30.990 INFO  com.example.wiki.Interceptor.PostHandler          :17   [32m                  [0;39m å½“å‰çš„è¯·æ±‚åœ°å€ä¸º/doc/doclist/1
2023-02-23 14:01:30.990 INFO  com.example.wiki.Interceptor.PostHandler          :18   [32m                  [0;39m è¿œç¨‹åœ°å€ä¸º0:0:0:0:0:0:0:1
2023-02-23 14:01:30.990 INFO  com.example.wiki.Interceptor.PostHandler          :19   [32m                  [0;39m å½“å‰çš„è¯·æ±‚æ–¹å¼ä¸ºGET
2023-02-23 14:01:31.006 INFO  com.example.wiki.Interceptor.PostHandler          :29   [32m                  [0;39m -----å½“å‰è¯·æ±‚è€—æ—¶:16ms-----
2023-02-23 14:01:31.006 INFO  com.example.wiki.LogFilter.Filter                 :26   [32m                  [0;39m å½“å‰è¯·æ±‚è€—æ—¶16ms
2023-02-23 14:01:39.159 INFO  com.example.wiki.LogFilter.Filter                 :21   [32m                  [0;39m å½“å‰çš„è¯·æ±‚åœ°å€ä¸º/doc/delete/6
2023-02-23 14:01:39.175 INFO  com.example.wiki.LogFilter.Filter                 :22   [32m                  [0;39m è¿œç¨‹åœ°å€ä¸º0:0:0:0:0:0:0:1
2023-02-23 14:01:39.175 INFO  com.example.wiki.LogFilter.Filter                 :23   [32m                  [0;39m å½“å‰çš„è¯·æ±‚æ–¹å¼ä¸ºOPTIONS
2023-02-23 14:01:39.175 INFO  com.example.wiki.Interceptor.PostHandler          :17   [32m                  [0;39m å½“å‰çš„è¯·æ±‚åœ°å€ä¸º/doc/delete/6
2023-02-23 14:01:39.175 INFO  com.example.wiki.Interceptor.PostHandler          :18   [32m                  [0;39m è¿œç¨‹åœ°å€ä¸º0:0:0:0:0:0:0:1
2023-02-23 14:01:39.175 INFO  com.example.wiki.Interceptor.PostHandler          :19   [32m                  [0;39m å½“å‰çš„è¯·æ±‚æ–¹å¼ä¸ºOPTIONS
2023-02-23 14:01:39.175 INFO  com.example.wiki.Interceptor.PostHandler          :29   [32m                  [0;39m -----å½“å‰è¯·æ±‚è€—æ—¶:0ms-----
2023-02-23 14:01:39.175 INFO  com.example.wiki.LogFilter.Filter                 :26   [32m                  [0;39m å½“å‰è¯·æ±‚è€—æ—¶0ms
2023-02-23 14:01:39.190 INFO  com.example.wiki.LogFilter.Filter                 :21   [32m                  [0;39m å½“å‰çš„è¯·æ±‚åœ°å€ä¸º/doc/delete/6
2023-02-23 14:01:39.190 INFO  com.example.wiki.LogFilter.Filter                 :22   [32m                  [0;39m è¿œç¨‹åœ°å€ä¸º0:0:0:0:0:0:0:1
2023-02-23 14:01:39.190 INFO  com.example.wiki.LogFilter.Filter                 :23   [32m                  [0;39m å½“å‰çš„è¯·æ±‚æ–¹å¼ä¸ºDELETE
2023-02-23 14:01:39.190 INFO  com.example.wiki.Interceptor.PostHandler          :17   [32m                  [0;39m å½“å‰çš„è¯·æ±‚åœ°å€ä¸º/doc/delete/6
2023-02-23 14:01:39.190 INFO  com.example.wiki.Interceptor.PostHandler          :18   [32m                  [0;39m è¿œç¨‹åœ°å€ä¸º0:0:0:0:0:0:0:1
2023-02-23 14:01:39.206 INFO  com.example.wiki.Interceptor.PostHandler          :19   [32m                  [0;39m å½“å‰çš„è¯·æ±‚æ–¹å¼ä¸ºDELETE
2023-02-23 14:01:39.222 INFO  com.example.wiki.Interceptor.PostHandler          :29   [32m                  [0;39m -----å½“å‰è¯·æ±‚è€—æ—¶:16ms-----
2023-02-23 14:01:39.222 INFO  com.example.wiki.LogFilter.Filter                 :26   [32m                  [0;39m å½“å‰è¯·æ±‚è€—æ—¶32ms
2023-02-23 14:01:39.238 INFO  com.example.wiki.LogFilter.Filter                 :21   [32m                  [0;39m å½“å‰çš„è¯·æ±‚åœ°å€ä¸º/doc/list
2023-02-23 14:01:39.254 INFO  com.example.wiki.LogFilter.Filter                 :22   [32m                  [0;39m è¿œç¨‹åœ°å€ä¸º0:0:0:0:0:0:0:1
2023-02-23 14:01:39.254 INFO  com.example.wiki.LogFilter.Filter                 :23   [32m                  [0;39m å½“å‰çš„è¯·æ±‚æ–¹å¼ä¸ºGET
2023-02-23 14:01:39.254 INFO  com.example.wiki.Interceptor.PostHandler          :17   [32m                  [0;39m å½“å‰çš„è¯·æ±‚åœ°å€ä¸º/doc/list
2023-02-23 14:01:39.254 INFO  com.example.wiki.Interceptor.PostHandler          :18   [32m                  [0;39m è¿œç¨‹åœ°å€ä¸º0:0:0:0:0:0:0:1
2023-02-23 14:01:39.254 INFO  com.example.wiki.Interceptor.PostHandler          :19   [32m                  [0;39m å½“å‰çš„è¯·æ±‚æ–¹å¼ä¸ºGET
2023-02-23 14:01:39.285 INFO  com.example.wiki.Interceptor.PostHandler          :29   [32m                  [0;39m -----å½“å‰è¯·æ±‚è€—æ—¶:31ms-----
2023-02-23 14:01:39.285 INFO  com.example.wiki.LogFilter.Filter                 :26   [32m                  [0;39m å½“å‰è¯·æ±‚è€—æ—¶31ms
2023-02-23 14:01:42.875 INFO  com.example.wiki.LogFilter.Filter                 :21   [32m                  [0;39m å½“å‰çš„è¯·æ±‚åœ°å€ä¸º/doc/delete/5
2023-02-23 14:01:42.875 INFO  com.example.wiki.LogFilter.Filter                 :22   [32m                  [0;39m è¿œç¨‹åœ°å€ä¸º0:0:0:0:0:0:0:1
2023-02-23 14:01:42.875 INFO  com.example.wiki.LogFilter.Filter                 :23   [32m                  [0;39m å½“å‰çš„è¯·æ±‚æ–¹å¼ä¸ºOPTIONS
2023-02-23 14:01:42.875 INFO  com.example.wiki.Interceptor.PostHandler          :17   [32m                  [0;39m å½“å‰çš„è¯·æ±‚åœ°å€ä¸º/doc/delete/5
2023-02-23 14:01:42.890 INFO  com.example.wiki.Interceptor.PostHandler          :18   [32m                  [0;39m è¿œç¨‹åœ°å€ä¸º0:0:0:0:0:0:0:1
2023-02-23 14:01:42.890 INFO  com.example.wiki.Interceptor.PostHandler          :19   [32m                  [0;39m å½“å‰çš„è¯·æ±‚æ–¹å¼ä¸ºOPTIONS
2023-02-23 14:01:42.890 INFO  com.example.wiki.Interceptor.PostHandler          :29   [32m                  [0;39m -----å½“å‰è¯·æ±‚è€—æ—¶:0ms-----
2023-02-23 14:01:42.890 INFO  com.example.wiki.LogFilter.Filter                 :26   [32m                  [0;39m å½“å‰è¯·æ±‚è€—æ—¶15ms
2023-02-23 14:01:42.890 INFO  com.example.wiki.LogFilter.Filter                 :21   [32m                  [0;39m å½“å‰çš„è¯·æ±‚åœ°å€ä¸º/doc/delete/5
2023-02-23 14:01:42.890 INFO  com.example.wiki.LogFilter.Filter                 :22   [32m                  [0;39m è¿œç¨‹åœ°å€ä¸º0:0:0:0:0:0:0:1
2023-02-23 14:01:42.890 INFO  com.example.wiki.LogFilter.Filter                 :23   [32m                  [0;39m å½“å‰çš„è¯·æ±‚æ–¹å¼ä¸ºDELETE
2023-02-23 14:01:42.890 INFO  com.example.wiki.Interceptor.PostHandler          :17   [32m                  [0;39m å½“å‰çš„è¯·æ±‚åœ°å€ä¸º/doc/delete/5
2023-02-23 14:01:42.890 INFO  com.example.wiki.Interceptor.PostHandler          :18   [32m                  [0;39m è¿œç¨‹åœ°å€ä¸º0:0:0:0:0:0:0:1
2023-02-23 14:01:42.890 INFO  com.example.wiki.Interceptor.PostHandler          :19   [32m                  [0;39m å½“å‰çš„è¯·æ±‚æ–¹å¼ä¸ºDELETE
2023-02-23 14:01:42.906 INFO  com.example.wiki.Interceptor.PostHandler          :29   [32m                  [0;39m -----å½“å‰è¯·æ±‚è€—æ—¶:16ms-----
2023-02-23 14:01:42.906 INFO  com.example.wiki.LogFilter.Filter                 :26   [32m                  [0;39m å½“å‰è¯·æ±‚è€—æ—¶16ms
2023-02-23 14:01:42.937 INFO  com.example.wiki.LogFilter.Filter                 :21   [32m                  [0;39m å½“å‰çš„è¯·æ±‚åœ°å€ä¸º/doc/list
2023-02-23 14:01:42.937 INFO  com.example.wiki.LogFilter.Filter                 :22   [32m                  [0;39m è¿œç¨‹åœ°å€ä¸º0:0:0:0:0:0:0:1
2023-02-23 14:01:42.937 INFO  com.example.wiki.LogFilter.Filter                 :23   [32m                  [0;39m å½“å‰çš„è¯·æ±‚æ–¹å¼ä¸ºGET
2023-02-23 14:01:42.937 INFO  com.example.wiki.Interceptor.PostHandler          :17   [32m                  [0;39m å½“å‰çš„è¯·æ±‚åœ°å€ä¸º/doc/list
2023-02-23 14:01:42.937 INFO  com.example.wiki.Interceptor.PostHandler          :18   [32m                  [0;39m è¿œç¨‹åœ°å€ä¸º0:0:0:0:0:0:0:1
2023-02-23 14:01:42.937 INFO  com.example.wiki.Interceptor.PostHandler          :19   [32m                  [0;39m å½“å‰çš„è¯·æ±‚æ–¹å¼ä¸ºGET
2023-02-23 14:01:42.953 INFO  com.example.wiki.Interceptor.PostHandler          :29   [32m                  [0;39m -----å½“å‰è¯·æ±‚è€—æ—¶:16ms-----
2023-02-23 14:01:42.953 INFO  com.example.wiki.LogFilter.Filter                 :26   [32m                  [0;39m å½“å‰è¯·æ±‚è€—æ—¶16ms
2023-02-23 14:01:46.222 INFO  com.example.wiki.LogFilter.Filter                 :21   [32m                  [0;39m å½“å‰çš„è¯·æ±‚åœ°å€ä¸º/doc/detail/1
2023-02-23 14:01:46.222 INFO  com.example.wiki.LogFilter.Filter                 :22   [32m                  [0;39m è¿œç¨‹åœ°å€ä¸º0:0:0:0:0:0:0:1
2023-02-23 14:01:46.222 INFO  com.example.wiki.LogFilter.Filter                 :23   [32m                  [0;39m å½“å‰çš„è¯·æ±‚æ–¹å¼ä¸ºGET
2023-02-23 14:01:46.222 INFO  com.example.wiki.Interceptor.PostHandler          :17   [32m                  [0;39m å½“å‰çš„è¯·æ±‚åœ°å€ä¸º/doc/detail/1
2023-02-23 14:01:46.222 INFO  com.example.wiki.Interceptor.PostHandler          :18   [32m                  [0;39m è¿œç¨‹åœ°å€ä¸º0:0:0:0:0:0:0:1
2023-02-23 14:01:46.222 INFO  com.example.wiki.Interceptor.PostHandler          :19   [32m                  [0;39m å½“å‰çš„è¯·æ±‚æ–¹å¼ä¸ºGET
2023-02-23 14:01:46.269 INFO  com.example.wiki.Interceptor.PostHandler          :29   [32m                  [0;39m -----å½“å‰è¯·æ±‚è€—æ—¶:47ms-----
2023-02-23 14:01:46.269 INFO  com.example.wiki.LogFilter.Filter                 :26   [32m                  [0;39m å½“å‰è¯·æ±‚è€—æ—¶47ms
2023-02-23 14:03:19.182 INFO  com.example.wiki.LogFilter.Filter                 :21   [32m                  [0;39m å½“å‰çš„è¯·æ±‚åœ°å€ä¸º/doc/detail/3
2023-02-23 14:03:19.182 INFO  com.example.wiki.LogFilter.Filter                 :22   [32m                  [0;39m è¿œç¨‹åœ°å€ä¸º0:0:0:0:0:0:0:1
2023-02-23 14:03:19.182 INFO  com.example.wiki.LogFilter.Filter                 :23   [32m                  [0;39m å½“å‰çš„è¯·æ±‚æ–¹å¼ä¸ºGET
2023-02-23 14:03:19.197 INFO  com.example.wiki.Interceptor.PostHandler          :17   [32m                  [0;39m å½“å‰çš„è¯·æ±‚åœ°å€ä¸º/doc/detail/3
2023-02-23 14:03:19.197 INFO  com.example.wiki.Interceptor.PostHandler          :18   [32m                  [0;39m è¿œç¨‹åœ°å€ä¸º0:0:0:0:0:0:0:1
2023-02-23 14:03:19.197 INFO  com.example.wiki.Interceptor.PostHandler          :19   [32m                  [0;39m å½“å‰çš„è¯·æ±‚æ–¹å¼ä¸ºGET
2023-02-23 14:03:19.228 INFO  com.example.wiki.Interceptor.PostHandler          :29   [32m                  [0;39m -----å½“å‰è¯·æ±‚è€—æ—¶:31ms-----
2023-02-23 14:03:19.228 INFO  com.example.wiki.LogFilter.Filter                 :26   [32m                  [0;39m å½“å‰è¯·æ±‚è€—æ—¶46ms
2023-02-23 14:03:50.653 INFO  com.example.wiki.LogFilter.Filter                 :21   [32m                  [0;39m å½“å‰çš„è¯·æ±‚åœ°å€ä¸º/doc/detail/3
2023-02-23 14:03:50.653 INFO  com.example.wiki.LogFilter.Filter                 :22   [32m                  [0;39m è¿œç¨‹åœ°å€ä¸º0:0:0:0:0:0:0:1
2023-02-23 14:03:50.653 INFO  com.example.wiki.LogFilter.Filter                 :23   [32m                  [0;39m å½“å‰çš„è¯·æ±‚æ–¹å¼ä¸ºGET
2023-02-23 14:03:50.669 INFO  com.example.wiki.Interceptor.PostHandler          :17   [32m                  [0;39m å½“å‰çš„è¯·æ±‚åœ°å€ä¸º/doc/detail/3
2023-02-23 14:03:50.669 INFO  com.example.wiki.Interceptor.PostHandler          :18   [32m                  [0;39m è¿œç¨‹åœ°å€ä¸º0:0:0:0:0:0:0:1
2023-02-23 14:03:50.669 INFO  com.example.wiki.Interceptor.PostHandler          :19   [32m                  [0;39m å½“å‰çš„è¯·æ±‚æ–¹å¼ä¸ºGET
2023-02-23 14:03:50.703 INFO  com.example.wiki.Interceptor.PostHandler          :29   [32m                  [0;39m -----å½“å‰è¯·æ±‚è€—æ—¶:34ms-----
2023-02-23 14:03:50.703 INFO  com.example.wiki.LogFilter.Filter                 :26   [32m                  [0;39m å½“å‰è¯·æ±‚è€—æ—¶50ms
2023-02-23 14:06:35.604 INFO  com.example.wiki.LogFilter.Filter                 :21   [32m                  [0;39m å½“å‰çš„è¯·æ±‚åœ°å€ä¸º/doc/detail/3
2023-02-23 14:06:35.604 INFO  com.example.wiki.LogFilter.Filter                 :22   [32m                  [0;39m è¿œç¨‹åœ°å€ä¸º0:0:0:0:0:0:0:1
2023-02-23 14:06:35.604 INFO  com.example.wiki.LogFilter.Filter                 :23   [32m                  [0;39m å½“å‰çš„è¯·æ±‚æ–¹å¼ä¸ºGET
2023-02-23 14:06:35.604 INFO  com.example.wiki.Interceptor.PostHandler          :17   [32m                  [0;39m å½“å‰çš„è¯·æ±‚åœ°å€ä¸º/doc/detail/3
2023-02-23 14:06:35.604 INFO  com.example.wiki.Interceptor.PostHandler          :18   [32m                  [0;39m è¿œç¨‹åœ°å€ä¸º0:0:0:0:0:0:0:1
2023-02-23 14:06:35.604 INFO  com.example.wiki.Interceptor.PostHandler          :19   [32m                  [0;39m å½“å‰çš„è¯·æ±‚æ–¹å¼ä¸ºGET
2023-02-23 14:06:35.635 INFO  com.example.wiki.Interceptor.PostHandler          :29   [32m                  [0;39m -----å½“å‰è¯·æ±‚è€—æ—¶:31ms-----
2023-02-23 14:06:35.635 INFO  com.example.wiki.LogFilter.Filter                 :26   [32m                  [0;39m å½“å‰è¯·æ±‚è€—æ—¶31ms
2023-02-23 14:06:39.568 INFO  com.example.wiki.LogFilter.Filter                 :21   [32m                  [0;39m å½“å‰çš„è¯·æ±‚åœ°å€ä¸º/doc/updateDoc
2023-02-23 14:06:39.568 INFO  com.example.wiki.LogFilter.Filter                 :22   [32m                  [0;39m è¿œç¨‹åœ°å€ä¸º0:0:0:0:0:0:0:1
2023-02-23 14:06:39.568 INFO  com.example.wiki.LogFilter.Filter                 :23   [32m                  [0;39m å½“å‰çš„è¯·æ±‚æ–¹å¼ä¸ºOPTIONS
2023-02-23 14:06:39.584 INFO  com.example.wiki.Interceptor.PostHandler          :17   [32m                  [0;39m å½“å‰çš„è¯·æ±‚åœ°å€ä¸º/doc/updateDoc
2023-02-23 14:06:39.584 INFO  com.example.wiki.Interceptor.PostHandler          :18   [32m                  [0;39m è¿œç¨‹åœ°å€ä¸º0:0:0:0:0:0:0:1
2023-02-23 14:06:39.584 INFO  com.example.wiki.Interceptor.PostHandler          :19   [32m                  [0;39m å½“å‰çš„è¯·æ±‚æ–¹å¼ä¸ºOPTIONS
2023-02-23 14:06:39.584 INFO  com.example.wiki.Interceptor.PostHandler          :29   [32m                  [0;39m -----å½“å‰è¯·æ±‚è€—æ—¶:0ms-----
2023-02-23 14:06:39.584 INFO  com.example.wiki.LogFilter.Filter                 :26   [32m                  [0;39m å½“å‰è¯·æ±‚è€—æ—¶0ms
2023-02-23 14:06:39.584 INFO  com.example.wiki.LogFilter.Filter                 :21   [32m                  [0;39m å½“å‰çš„è¯·æ±‚åœ°å€ä¸º/doc/list
2023-02-23 14:06:39.584 INFO  com.example.wiki.LogFilter.Filter                 :22   [32m                  [0;39m è¿œç¨‹åœ°å€ä¸º0:0:0:0:0:0:0:1
2023-02-23 14:06:39.584 INFO  com.example.wiki.LogFilter.Filter                 :23   [32m                  [0;39m å½“å‰çš„è¯·æ±‚æ–¹å¼ä¸ºGET
2023-02-23 14:06:39.584 INFO  com.example.wiki.Interceptor.PostHandler          :17   [32m                  [0;39m å½“å‰çš„è¯·æ±‚åœ°å€ä¸º/doc/list
2023-02-23 14:06:39.599 INFO  com.example.wiki.Interceptor.PostHandler          :18   [32m                  [0;39m è¿œç¨‹åœ°å€ä¸º0:0:0:0:0:0:0:1
2023-02-23 14:06:39.600 INFO  com.example.wiki.Interceptor.PostHandler          :19   [32m                  [0;39m å½“å‰çš„è¯·æ±‚æ–¹å¼ä¸ºGET
2023-02-23 14:06:39.604 INFO  com.example.wiki.LogFilter.Filter                 :21   [32m                  [0;39m å½“å‰çš„è¯·æ±‚åœ°å€ä¸º/doc/updateDoc
2023-02-23 14:06:39.604 INFO  com.example.wiki.LogFilter.Filter                 :22   [32m                  [0;39m è¿œç¨‹åœ°å€ä¸º0:0:0:0:0:0:0:1
2023-02-23 14:06:39.604 INFO  com.example.wiki.LogFilter.Filter                 :23   [32m                  [0;39m å½“å‰çš„è¯·æ±‚æ–¹å¼ä¸ºPOST
2023-02-23 14:06:39.604 INFO  com.example.wiki.Interceptor.PostHandler          :17   [32m                  [0;39m å½“å‰çš„è¯·æ±‚åœ°å€ä¸º/doc/updateDoc
2023-02-23 14:06:39.604 INFO  com.example.wiki.Interceptor.PostHandler          :18   [32m                  [0;39m è¿œç¨‹åœ°å€ä¸º0:0:0:0:0:0:0:1
2023-02-23 14:06:39.604 INFO  com.example.wiki.Interceptor.PostHandler          :19   [32m                  [0;39m å½“å‰çš„è¯·æ±‚æ–¹å¼ä¸ºPOST
2023-02-23 14:06:39.604 INFO  com.example.wiki.Interceptor.PostHandler          :29   [32m                  [0;39m -----å½“å‰è¯·æ±‚è€—æ—¶:3ms-----
2023-02-23 14:06:39.604 INFO  com.example.wiki.LogFilter.Filter                 :26   [32m                  [0;39m å½“å‰è¯·æ±‚è€—æ—¶20ms
2023-02-23 14:06:39.942 INFO  com.example.wiki.Interceptor.PostHandler          :29   [32m                  [0;39m -----å½“å‰è¯·æ±‚è€—æ—¶:338ms-----
2023-02-23 14:06:39.942 INFO  com.example.wiki.LogFilter.Filter                 :26   [32m                  [0;39m å½“å‰è¯·æ±‚è€—æ—¶338ms
2023-02-23 14:06:40.550 INFO  com.example.wiki.LogFilter.Filter                 :21   [32m                  [0;39m å½“å‰çš„è¯·æ±‚åœ°å€ä¸º/doc/detail/3
2023-02-23 14:06:40.550 INFO  com.example.wiki.LogFilter.Filter                 :22   [32m                  [0;39m è¿œç¨‹åœ°å€ä¸º0:0:0:0:0:0:0:1
2023-02-23 14:06:40.550 INFO  com.example.wiki.LogFilter.Filter                 :23   [32m                  [0;39m å½“å‰çš„è¯·æ±‚æ–¹å¼ä¸ºGET
2023-02-23 14:06:40.565 INFO  com.example.wiki.Interceptor.PostHandler          :17   [32m                  [0;39m å½“å‰çš„è¯·æ±‚åœ°å€ä¸º/doc/detail/3
2023-02-23 14:06:40.565 INFO  com.example.wiki.Interceptor.PostHandler          :18   [32m                  [0;39m è¿œç¨‹åœ°å€ä¸º0:0:0:0:0:0:0:1
2023-02-23 14:06:40.565 INFO  com.example.wiki.Interceptor.PostHandler          :19   [32m                  [0;39m å½“å‰çš„è¯·æ±‚æ–¹å¼ä¸ºGET
2023-02-23 14:06:40.581 INFO  com.example.wiki.Interceptor.PostHandler          :29   [32m                  [0;39m -----å½“å‰è¯·æ±‚è€—æ—¶:16ms-----
2023-02-23 14:06:40.581 INFO  com.example.wiki.LogFilter.Filter                 :26   [32m                  [0;39m å½“å‰è¯·æ±‚è€—æ—¶31ms
2023-02-23 14:06:45.150 INFO  com.example.wiki.LogFilter.Filter                 :21   [32m                  [0;39m å½“å‰çš„è¯·æ±‚åœ°å€ä¸º/doc/detail/3
2023-02-23 14:06:45.150 INFO  com.example.wiki.LogFilter.Filter                 :22   [32m                  [0;39m è¿œç¨‹åœ°å€ä¸º0:0:0:0:0:0:0:1
2023-02-23 14:06:45.150 INFO  com.example.wiki.LogFilter.Filter                 :23   [32m                  [0;39m å½“å‰çš„è¯·æ±‚æ–¹å¼ä¸ºGET
2023-02-23 14:06:45.150 INFO  com.example.wiki.Interceptor.PostHandler          :17   [32m                  [0;39m å½“å‰çš„è¯·æ±‚åœ°å€ä¸º/doc/detail/3
2023-02-23 14:06:45.150 INFO  com.example.wiki.Interceptor.PostHandler          :18   [32m                  [0;39m è¿œç¨‹åœ°å€ä¸º0:0:0:0:0:0:0:1
2023-02-23 14:06:45.150 INFO  com.example.wiki.Interceptor.PostHandler          :19   [32m                  [0;39m å½“å‰çš„è¯·æ±‚æ–¹å¼ä¸ºGET
2023-02-23 14:06:45.197 INFO  com.example.wiki.Interceptor.PostHandler          :29   [32m                  [0;39m -----å½“å‰è¯·æ±‚è€—æ—¶:31ms-----
2023-02-23 14:06:45.197 INFO  com.example.wiki.LogFilter.Filter                 :26   [32m                  [0;39m å½“å‰è¯·æ±‚è€—æ—¶47ms
2023-02-23 14:06:47.450 INFO  com.example.wiki.LogFilter.Filter                 :21   [32m                  [0;39m å½“å‰çš„è¯·æ±‚åœ°å€ä¸º/doc/updateDoc
2023-02-23 14:06:47.450 INFO  com.example.wiki.LogFilter.Filter                 :22   [32m                  [0;39m è¿œç¨‹åœ°å€ä¸º0:0:0:0:0:0:0:1
2023-02-23 14:06:47.450 INFO  com.example.wiki.LogFilter.Filter                 :23   [32m                  [0;39m å½“å‰çš„è¯·æ±‚æ–¹å¼ä¸ºPOST
2023-02-23 14:06:47.450 INFO  com.example.wiki.Interceptor.PostHandler          :17   [32m                  [0;39m å½“å‰çš„è¯·æ±‚åœ°å€ä¸º/doc/updateDoc
2023-02-23 14:06:47.450 INFO  com.example.wiki.Interceptor.PostHandler          :18   [32m                  [0;39m è¿œç¨‹åœ°å€ä¸º0:0:0:0:0:0:0:1
2023-02-23 14:06:47.450 INFO  com.example.wiki.Interceptor.PostHandler          :19   [32m                  [0;39m å½“å‰çš„è¯·æ±‚æ–¹å¼ä¸ºPOST
2023-02-23 14:06:47.450 INFO  com.example.wiki.LogFilter.Filter                 :21   [32m                  [0;39m å½“å‰çš„è¯·æ±‚åœ°å€ä¸º/doc/list
2023-02-23 14:06:47.450 INFO  com.example.wiki.LogFilter.Filter                 :22   [32m                  [0;39m è¿œç¨‹åœ°å€ä¸º0:0:0:0:0:0:0:1
2023-02-23 14:06:47.450 INFO  com.example.wiki.LogFilter.Filter                 :23   [32m                  [0;39m å½“å‰çš„è¯·æ±‚æ–¹å¼ä¸ºGET
2023-02-23 14:06:47.450 INFO  com.example.wiki.Interceptor.PostHandler          :17   [32m                  [0;39m å½“å‰çš„è¯·æ±‚åœ°å€ä¸º/doc/list
2023-02-23 14:06:47.450 INFO  com.example.wiki.Interceptor.PostHandler          :18   [32m                  [0;39m è¿œç¨‹åœ°å€ä¸º0:0:0:0:0:0:0:1
2023-02-23 14:06:47.450 INFO  com.example.wiki.Interceptor.PostHandler          :19   [32m                  [0;39m å½“å‰çš„è¯·æ±‚æ–¹å¼ä¸ºGET
2023-02-23 14:06:47.513 INFO  com.example.wiki.Interceptor.PostHandler          :29   [32m                  [0;39m -----å½“å‰è¯·æ±‚è€—æ—¶:63ms-----
2023-02-23 14:06:47.513 INFO  com.example.wiki.LogFilter.Filter                 :26   [32m                  [0;39m å½“å‰è¯·æ±‚è€—æ—¶63ms
2023-02-23 14:06:47.812 INFO  com.example.wiki.Interceptor.PostHandler          :29   [32m                  [0;39m -----å½“å‰è¯·æ±‚è€—æ—¶:362ms-----
2023-02-23 14:06:47.812 INFO  com.example.wiki.LogFilter.Filter                 :26   [32m                  [0;39m å½“å‰è¯·æ±‚è€—æ—¶362ms
2023-02-23 14:08:18.675 INFO  com.example.wiki.LogFilter.Filter                 :21   [32m                  [0;39m å½“å‰çš„è¯·æ±‚åœ°å€ä¸º/doc/detail/3
2023-02-23 14:08:18.675 INFO  com.example.wiki.LogFilter.Filter                 :22   [32m                  [0;39m è¿œç¨‹åœ°å€ä¸º0:0:0:0:0:0:0:1
2023-02-23 14:08:18.675 INFO  com.example.wiki.LogFilter.Filter                 :23   [32m                  [0;39m å½“å‰çš„è¯·æ±‚æ–¹å¼ä¸ºGET
2023-02-23 14:08:18.675 INFO  com.example.wiki.Interceptor.PostHandler          :17   [32m                  [0;39m å½“å‰çš„è¯·æ±‚åœ°å€ä¸º/doc/detail/3
2023-02-23 14:08:18.675 INFO  com.example.wiki.Interceptor.PostHandler          :18   [32m                  [0;39m è¿œç¨‹åœ°å€ä¸º0:0:0:0:0:0:0:1
2023-02-23 14:08:18.675 INFO  com.example.wiki.Interceptor.PostHandler          :19   [32m                  [0;39m å½“å‰çš„è¯·æ±‚æ–¹å¼ä¸ºGET
2023-02-23 14:08:18.706 INFO  com.example.wiki.Interceptor.PostHandler          :29   [32m                  [0;39m -----å½“å‰è¯·æ±‚è€—æ—¶:31ms-----
2023-02-23 14:08:18.706 INFO  com.example.wiki.LogFilter.Filter                 :26   [32m                  [0;39m å½“å‰è¯·æ±‚è€—æ—¶31ms
2023-02-23 14:09:10.460 INFO  com.example.wiki.LogFilter.Filter                 :21   [32m                  [0;39m å½“å‰çš„è¯·æ±‚åœ°å€ä¸º/ebook/list/1/3
2023-02-23 14:09:10.460 INFO  com.example.wiki.LogFilter.Filter                 :22   [32m                  [0;39m è¿œç¨‹åœ°å€ä¸º0:0:0:0:0:0:0:1
2023-02-23 14:09:10.460 INFO  com.example.wiki.LogFilter.Filter                 :23   [32m                  [0;39m å½“å‰çš„è¯·æ±‚æ–¹å¼ä¸ºGET
2023-02-23 14:09:10.460 INFO  com.example.wiki.Interceptor.PostHandler          :17   [32m                  [0;39m å½“å‰çš„è¯·æ±‚åœ°å€ä¸º/ebook/list/1/3
2023-02-23 14:09:10.460 INFO  com.example.wiki.Interceptor.PostHandler          :18   [32m                  [0;39m è¿œç¨‹åœ°å€ä¸º0:0:0:0:0:0:0:1
2023-02-23 14:09:10.460 INFO  com.example.wiki.Interceptor.PostHandler          :19   [32m                  [0;39m å½“å‰çš„è¯·æ±‚æ–¹å¼ä¸ºGET
2023-02-23 14:09:10.618 INFO  com.example.wiki.Interceptor.PostHandler          :29   [32m                  [0;39m -----å½“å‰è¯·æ±‚è€—æ—¶:158ms-----
2023-02-23 14:09:10.618 INFO  com.example.wiki.LogFilter.Filter                 :26   [32m                  [0;39m å½“å‰è¯·æ±‚è€—æ—¶158ms
2023-02-23 14:09:12.626 INFO  com.example.wiki.LogFilter.Filter                 :21   [32m                  [0;39m å½“å‰çš„è¯·æ±‚åœ°å€ä¸º/doc/list
2023-02-23 14:09:12.626 INFO  com.example.wiki.LogFilter.Filter                 :22   [32m                  [0;39m è¿œç¨‹åœ°å€ä¸º0:0:0:0:0:0:0:1
2023-02-23 14:09:12.626 INFO  com.example.wiki.LogFilter.Filter                 :23   [32m                  [0;39m å½“å‰çš„è¯·æ±‚æ–¹å¼ä¸ºGET
2023-02-23 14:09:12.626 INFO  com.example.wiki.Interceptor.PostHandler          :17   [32m                  [0;39m å½“å‰çš„è¯·æ±‚åœ°å€ä¸º/doc/list
2023-02-23 14:09:12.626 INFO  com.example.wiki.Interceptor.PostHandler          :18   [32m                  [0;39m è¿œç¨‹åœ°å€ä¸º0:0:0:0:0:0:0:1
2023-02-23 14:09:12.626 INFO  com.example.wiki.Interceptor.PostHandler          :19   [32m                  [0;39m å½“å‰çš„è¯·æ±‚æ–¹å¼ä¸ºGET
2023-02-23 14:09:12.658 INFO  com.example.wiki.Interceptor.PostHandler          :29   [32m                  [0;39m -----å½“å‰è¯·æ±‚è€—æ—¶:32ms-----
2023-02-23 14:09:12.658 INFO  com.example.wiki.LogFilter.Filter                 :26   [32m                  [0;39m å½“å‰è¯·æ±‚è€—æ—¶32ms
2023-02-23 14:09:49.918 INFO  com.example.wiki.LogFilter.Filter                 :21   [32m                  [0;39m å½“å‰çš„è¯·æ±‚åœ°å€ä¸º/doc/list
2023-02-23 14:09:49.918 INFO  com.example.wiki.LogFilter.Filter                 :22   [32m                  [0;39m è¿œç¨‹åœ°å€ä¸º0:0:0:0:0:0:0:1
2023-02-23 14:09:49.918 INFO  com.example.wiki.LogFilter.Filter                 :23   [32m                  [0;39m å½“å‰çš„è¯·æ±‚æ–¹å¼ä¸ºGET
2023-02-23 14:09:49.918 INFO  com.example.wiki.Interceptor.PostHandler          :17   [32m                  [0;39m å½“å‰çš„è¯·æ±‚åœ°å€ä¸º/doc/list
2023-02-23 14:09:49.918 INFO  com.example.wiki.Interceptor.PostHandler          :18   [32m                  [0;39m è¿œç¨‹åœ°å€ä¸º0:0:0:0:0:0:0:1
2023-02-23 14:09:49.918 INFO  com.example.wiki.Interceptor.PostHandler          :19   [32m                  [0;39m å½“å‰çš„è¯·æ±‚æ–¹å¼ä¸ºGET
2023-02-23 14:09:49.934 INFO  com.example.wiki.Interceptor.PostHandler          :29   [32m                  [0;39m -----å½“å‰è¯·æ±‚è€—æ—¶:16ms-----
2023-02-23 14:09:49.934 INFO  com.example.wiki.LogFilter.Filter                 :26   [32m                  [0;39m å½“å‰è¯·æ±‚è€—æ—¶16ms
2023-02-23 14:10:08.168 INFO  com.example.wiki.LogFilter.Filter                 :21   [32m                  [0;39m å½“å‰çš„è¯·æ±‚åœ°å€ä¸º/doc/list
2023-02-23 14:10:08.168 INFO  com.example.wiki.LogFilter.Filter                 :22   [32m                  [0;39m è¿œç¨‹åœ°å€ä¸º0:0:0:0:0:0:0:1
2023-02-23 14:10:08.168 INFO  com.example.wiki.LogFilter.Filter                 :23   [32m                  [0;39m å½“å‰çš„è¯·æ±‚æ–¹å¼ä¸ºGET
2023-02-23 14:10:08.468 INFO  com.example.wiki.Interceptor.PostHandler          :17   [32m                  [0;39m å½“å‰çš„è¯·æ±‚åœ°å€ä¸º/doc/list
2023-02-23 14:10:08.468 INFO  com.example.wiki.Interceptor.PostHandler          :18   [32m                  [0;39m è¿œç¨‹åœ°å€ä¸º0:0:0:0:0:0:0:1
2023-02-23 14:10:08.468 INFO  com.example.wiki.Interceptor.PostHandler          :19   [32m                  [0;39m å½“å‰çš„è¯·æ±‚æ–¹å¼ä¸ºGET
2023-02-23 14:10:08.468 INFO  com.example.wiki.Interceptor.PostHandler          :29   [32m                  [0;39m -----å½“å‰è¯·æ±‚è€—æ—¶:0ms-----
2023-02-23 14:10:08.468 INFO  com.example.wiki.LogFilter.Filter                 :26   [32m                  [0;39m å½“å‰è¯·æ±‚è€—æ—¶300ms
2023-02-23 14:10:19.069 INFO  com.example.wiki.LogFilter.Filter                 :21   [32m                  [0;39m å½“å‰çš„è¯·æ±‚åœ°å€ä¸º/ebook/list/1/3
2023-02-23 14:10:19.069 INFO  com.example.wiki.LogFilter.Filter                 :22   [32m                  [0;39m è¿œç¨‹åœ°å€ä¸º0:0:0:0:0:0:0:1
2023-02-23 14:10:19.069 INFO  com.example.wiki.LogFilter.Filter                 :23   [32m                  [0;39m å½“å‰çš„è¯·æ±‚æ–¹å¼ä¸ºGET
2023-02-23 14:10:19.069 INFO  com.example.wiki.Interceptor.PostHandler          :17   [32m                  [0;39m å½“å‰çš„è¯·æ±‚åœ°å€ä¸º/ebook/list/1/3
2023-02-23 14:10:19.069 INFO  com.example.wiki.Interceptor.PostHandler          :18   [32m                  [0;39m è¿œç¨‹åœ°å€ä¸º0:0:0:0:0:0:0:1
2023-02-23 14:10:19.069 INFO  com.example.wiki.Interceptor.PostHandler          :19   [32m                  [0;39m å½“å‰çš„è¯·æ±‚æ–¹å¼ä¸ºGET
2023-02-23 14:10:19.103 INFO  com.example.wiki.Interceptor.PostHandler          :29   [32m                  [0;39m -----å½“å‰è¯·æ±‚è€—æ—¶:34ms-----
2023-02-23 14:10:19.103 INFO  com.example.wiki.LogFilter.Filter                 :26   [32m                  [0;39m å½“å‰è¯·æ±‚è€—æ—¶34ms
2023-02-23 14:10:21.459 INFO  com.example.wiki.LogFilter.Filter                 :21   [32m                  [0;39m å½“å‰çš„è¯·æ±‚åœ°å€ä¸º/doc/list
2023-02-23 14:10:21.463 INFO  com.example.wiki.LogFilter.Filter                 :22   [32m                  [0;39m è¿œç¨‹åœ°å€ä¸º0:0:0:0:0:0:0:1
2023-02-23 14:10:21.463 INFO  com.example.wiki.LogFilter.Filter                 :23   [32m                  [0;39m å½“å‰çš„è¯·æ±‚æ–¹å¼ä¸ºGET
2023-02-23 14:10:21.463 INFO  com.example.wiki.Interceptor.PostHandler          :17   [32m                  [0;39m å½“å‰çš„è¯·æ±‚åœ°å€ä¸º/doc/list
2023-02-23 14:10:21.463 INFO  com.example.wiki.Interceptor.PostHandler          :18   [32m                  [0;39m è¿œç¨‹åœ°å€ä¸º0:0:0:0:0:0:0:1
2023-02-23 14:10:21.463 INFO  com.example.wiki.Interceptor.PostHandler          :19   [32m                  [0;39m å½“å‰çš„è¯·æ±‚æ–¹å¼ä¸ºGET
2023-02-23 14:10:21.472 INFO  com.example.wiki.Interceptor.PostHandler          :29   [32m                  [0;39m -----å½“å‰è¯·æ±‚è€—æ—¶:5ms-----
2023-02-23 14:10:21.472 INFO  com.example.wiki.LogFilter.Filter                 :26   [32m                  [0;39m å½“å‰è¯·æ±‚è€—æ—¶9ms
2023-02-23 14:10:22.752 INFO  com.example.wiki.LogFilter.Filter                 :21   [32m                  [0;39m å½“å‰çš„è¯·æ±‚åœ°å€ä¸º/doc/detail/1
2023-02-23 14:10:22.752 INFO  com.example.wiki.LogFilter.Filter                 :22   [32m                  [0;39m è¿œç¨‹åœ°å€ä¸º0:0:0:0:0:0:0:1
2023-02-23 14:10:22.752 INFO  com.example.wiki.LogFilter.Filter                 :23   [32m                  [0;39m å½“å‰çš„è¯·æ±‚æ–¹å¼ä¸ºGET
2023-02-23 14:10:22.752 INFO  com.example.wiki.Interceptor.PostHandler          :17   [32m                  [0;39m å½“å‰çš„è¯·æ±‚åœ°å€ä¸º/doc/detail/1
2023-02-23 14:10:22.752 INFO  com.example.wiki.Interceptor.PostHandler          :18   [32m                  [0;39m è¿œç¨‹åœ°å€ä¸º0:0:0:0:0:0:0:1
2023-02-23 14:10:22.752 INFO  com.example.wiki.Interceptor.PostHandler          :19   [32m                  [0;39m å½“å‰çš„è¯·æ±‚æ–¹å¼ä¸ºGET
2023-02-23 14:10:22.784 INFO  com.example.wiki.Interceptor.PostHandler          :29   [32m                  [0;39m -----å½“å‰è¯·æ±‚è€—æ—¶:32ms-----
2023-02-23 14:10:22.784 INFO  com.example.wiki.LogFilter.Filter                 :26   [32m                  [0;39m å½“å‰è¯·æ±‚è€—æ—¶32ms
2023-02-23 14:10:42.790 INFO  com.example.wiki.LogFilter.Filter                 :21   [32m                  [0;39m å½“å‰çš„è¯·æ±‚åœ°å€ä¸º/doc/detail/1
2023-02-23 14:10:42.790 INFO  com.example.wiki.LogFilter.Filter                 :22   [32m                  [0;39m è¿œç¨‹åœ°å€ä¸º0:0:0:0:0:0:0:1
2023-02-23 14:10:42.790 INFO  com.example.wiki.LogFilter.Filter                 :23   [32m                  [0;39m å½“å‰çš„è¯·æ±‚æ–¹å¼ä¸ºGET
2023-02-23 14:10:42.790 INFO  com.example.wiki.Interceptor.PostHandler          :17   [32m                  [0;39m å½“å‰çš„è¯·æ±‚åœ°å€ä¸º/doc/detail/1
2023-02-23 14:10:42.790 INFO  com.example.wiki.Interceptor.PostHandler          :18   [32m                  [0;39m è¿œç¨‹åœ°å€ä¸º0:0:0:0:0:0:0:1
2023-02-23 14:10:42.790 INFO  com.example.wiki.Interceptor.PostHandler          :19   [32m                  [0;39m å½“å‰çš„è¯·æ±‚æ–¹å¼ä¸ºGET
2023-02-23 14:10:42.822 INFO  com.example.wiki.Interceptor.PostHandler          :29   [32m                  [0;39m -----å½“å‰è¯·æ±‚è€—æ—¶:32ms-----
2023-02-23 14:10:42.822 INFO  com.example.wiki.LogFilter.Filter                 :26   [32m                  [0;39m å½“å‰è¯·æ±‚è€—æ—¶32ms
2023-02-23 14:12:03.590 INFO  com.example.wiki.LogFilter.Filter                 :21   [32m                  [0;39m å½“å‰çš„è¯·æ±‚åœ°å€ä¸º/doc/detail/1
2023-02-23 14:12:03.606 INFO  com.example.wiki.LogFilter.Filter                 :22   [32m                  [0;39m è¿œç¨‹åœ°å€ä¸º0:0:0:0:0:0:0:1
2023-02-23 14:12:03.606 INFO  com.example.wiki.LogFilter.Filter                 :23   [32m                  [0;39m å½“å‰çš„è¯·æ±‚æ–¹å¼ä¸ºGET
2023-02-23 14:12:03.606 INFO  com.example.wiki.Interceptor.PostHandler          :17   [32m                  [0;39m å½“å‰çš„è¯·æ±‚åœ°å€ä¸º/doc/detail/1
2023-02-23 14:12:03.606 INFO  com.example.wiki.Interceptor.PostHandler          :18   [32m                  [0;39m è¿œç¨‹åœ°å€ä¸º0:0:0:0:0:0:0:1
2023-02-23 14:12:03.606 INFO  com.example.wiki.Interceptor.PostHandler          :19   [32m                  [0;39m å½“å‰çš„è¯·æ±‚æ–¹å¼ä¸ºGET
2023-02-23 14:12:03.621 INFO  com.example.wiki.Interceptor.PostHandler          :29   [32m                  [0;39m -----å½“å‰è¯·æ±‚è€—æ—¶:15ms-----
2023-02-23 14:12:03.621 INFO  com.example.wiki.LogFilter.Filter                 :26   [32m                  [0;39m å½“å‰è¯·æ±‚è€—æ—¶15ms
2023-02-23 14:12:07.388 INFO  com.example.wiki.LogFilter.Filter                 :21   [32m                  [0;39m å½“å‰çš„è¯·æ±‚åœ°å€ä¸º/category/list
2023-02-23 14:12:07.403 INFO  com.example.wiki.LogFilter.Filter                 :22   [32m                  [0;39m è¿œç¨‹åœ°å€ä¸º0:0:0:0:0:0:0:1
2023-02-23 14:12:07.403 INFO  com.example.wiki.LogFilter.Filter                 :23   [32m                  [0;39m å½“å‰çš„è¯·æ±‚æ–¹å¼ä¸ºGET
2023-02-23 14:12:07.403 INFO  com.example.wiki.Interceptor.PostHandler          :17   [32m                  [0;39m å½“å‰çš„è¯·æ±‚åœ°å€ä¸º/category/list
2023-02-23 14:12:07.403 INFO  com.example.wiki.Interceptor.PostHandler          :18   [32m                  [0;39m è¿œç¨‹åœ°å€ä¸º0:0:0:0:0:0:0:1
2023-02-23 14:12:07.403 INFO  com.example.wiki.Interceptor.PostHandler          :19   [32m                  [0;39m å½“å‰çš„è¯·æ±‚æ–¹å¼ä¸ºGET
2023-02-23 14:12:07.434 INFO  com.example.wiki.Interceptor.PostHandler          :29   [32m                  [0;39m -----å½“å‰è¯·æ±‚è€—æ—¶:31ms-----
2023-02-23 14:12:07.434 INFO  com.example.wiki.LogFilter.Filter                 :26   [32m                  [0;39m å½“å‰è¯·æ±‚è€—æ—¶31ms
2023-02-23 14:12:44.704 INFO  com.example.wiki.LogFilter.Filter                 :21   [32m                  [0;39m å½“å‰çš„è¯·æ±‚åœ°å€ä¸º/category/getParentId/201
2023-02-23 14:12:44.704 INFO  com.example.wiki.LogFilter.Filter                 :22   [32m                  [0;39m è¿œç¨‹åœ°å€ä¸º0:0:0:0:0:0:0:1
2023-02-23 14:12:44.704 INFO  com.example.wiki.LogFilter.Filter                 :23   [32m                  [0;39m å½“å‰çš„è¯·æ±‚æ–¹å¼ä¸ºGET
2023-02-23 14:12:44.704 INFO  com.example.wiki.Interceptor.PostHandler          :17   [32m                  [0;39m å½“å‰çš„è¯·æ±‚åœ°å€ä¸º/category/getParentId/201
2023-02-23 14:12:44.704 INFO  com.example.wiki.Interceptor.PostHandler          :18   [32m                  [0;39m è¿œç¨‹åœ°å€ä¸º0:0:0:0:0:0:0:1
2023-02-23 14:12:44.704 INFO  com.example.wiki.Interceptor.PostHandler          :19   [32m                  [0;39m å½“å‰çš„è¯·æ±‚æ–¹å¼ä¸ºGET
2023-02-23 14:12:44.704 INFO  com.example.wiki.Interceptor.PostHandler          :29   [32m                  [0;39m -----å½“å‰è¯·æ±‚è€—æ—¶:0ms-----
2023-02-23 14:12:44.704 INFO  com.example.wiki.LogFilter.Filter                 :26   [32m                  [0;39m å½“å‰è¯·æ±‚è€—æ—¶0ms
2023-02-23 14:12:48.619 INFO  com.example.wiki.LogFilter.Filter                 :21   [32m                  [0;39m å½“å‰çš„è¯·æ±‚åœ°å€ä¸º/category/getParentId/102
2023-02-23 14:12:48.619 INFO  com.example.wiki.LogFilter.Filter                 :22   [32m                  [0;39m è¿œç¨‹åœ°å€ä¸º0:0:0:0:0:0:0:1
2023-02-23 14:12:48.619 INFO  com.example.wiki.LogFilter.Filter                 :23   [32m                  [0;39m å½“å‰çš„è¯·æ±‚æ–¹å¼ä¸ºGET
2023-02-23 14:12:48.619 INFO  com.example.wiki.Interceptor.PostHandler          :17   [32m                  [0;39m å½“å‰çš„è¯·æ±‚åœ°å€ä¸º/category/getParentId/102
2023-02-23 14:12:48.619 INFO  com.example.wiki.Interceptor.PostHandler          :18   [32m                  [0;39m è¿œç¨‹åœ°å€ä¸º0:0:0:0:0:0:0:1
2023-02-23 14:12:48.619 INFO  com.example.wiki.Interceptor.PostHandler          :19   [32m                  [0;39m å½“å‰çš„è¯·æ±‚æ–¹å¼ä¸ºGET
2023-02-23 14:12:48.635 INFO  com.example.wiki.Interceptor.PostHandler          :29   [32m                  [0;39m -----å½“å‰è¯·æ±‚è€—æ—¶:16ms-----
2023-02-23 14:12:48.635 INFO  com.example.wiki.LogFilter.Filter                 :26   [32m                  [0;39m å½“å‰è¯·æ±‚è€—æ—¶16ms
2023-02-23 14:12:56.753 INFO  com.example.wiki.LogFilter.Filter                 :21   [32m                  [0;39m å½“å‰çš„è¯·æ±‚åœ°å€ä¸º/doc/doclist/1
2023-02-23 14:12:56.757 INFO  com.example.wiki.LogFilter.Filter                 :22   [32m                  [0;39m è¿œç¨‹åœ°å€ä¸º0:0:0:0:0:0:0:1
2023-02-23 14:12:56.757 INFO  com.example.wiki.LogFilter.Filter                 :23   [32m                  [0;39m å½“å‰çš„è¯·æ±‚æ–¹å¼ä¸ºGET
2023-02-23 14:12:56.757 INFO  com.example.wiki.Interceptor.PostHandler          :17   [32m                  [0;39m å½“å‰çš„è¯·æ±‚åœ°å€ä¸º/doc/doclist/1
2023-02-23 14:12:56.757 INFO  com.example.wiki.Interceptor.PostHandler          :18   [32m                  [0;39m è¿œç¨‹åœ°å€ä¸º0:0:0:0:0:0:0:1
2023-02-23 14:12:56.761 INFO  com.example.wiki.Interceptor.PostHandler          :19   [32m                  [0;39m å½“å‰çš„è¯·æ±‚æ–¹å¼ä¸ºGET
2023-02-23 14:12:56.781 INFO  com.example.wiki.Interceptor.PostHandler          :29   [32m                  [0;39m -----å½“å‰è¯·æ±‚è€—æ—¶:20ms-----
2023-02-23 14:12:56.781 INFO  com.example.wiki.LogFilter.Filter                 :26   [32m                  [0;39m å½“å‰è¯·æ±‚è€—æ—¶24ms
2023-02-23 14:13:01.549 INFO  com.example.wiki.LogFilter.Filter                 :21   [32m                  [0;39m å½“å‰çš„è¯·æ±‚åœ°å€ä¸º/doc/detail/1
2023-02-23 14:13:01.549 INFO  com.example.wiki.LogFilter.Filter                 :22   [32m                  [0;39m è¿œç¨‹åœ°å€ä¸º0:0:0:0:0:0:0:1
2023-02-23 14:13:01.549 INFO  com.example.wiki.LogFilter.Filter                 :23   [32m                  [0;39m å½“å‰çš„è¯·æ±‚æ–¹å¼ä¸ºGET
2023-02-23 14:13:01.549 INFO  com.example.wiki.Interceptor.PostHandler          :17   [32m                  [0;39m å½“å‰çš„è¯·æ±‚åœ°å€ä¸º/doc/detail/1
2023-02-23 14:13:01.565 INFO  com.example.wiki.Interceptor.PostHandler          :18   [32m                  [0;39m è¿œç¨‹åœ°å€ä¸º0:0:0:0:0:0:0:1
2023-02-23 14:13:01.565 INFO  com.example.wiki.Interceptor.PostHandler          :19   [32m                  [0;39m å½“å‰çš„è¯·æ±‚æ–¹å¼ä¸ºGET
2023-02-23 14:13:01.581 INFO  com.example.wiki.Interceptor.PostHandler          :29   [32m                  [0;39m -----å½“å‰è¯·æ±‚è€—æ—¶:16ms-----
2023-02-23 14:13:01.596 INFO  com.example.wiki.LogFilter.Filter                 :26   [32m                  [0;39m å½“å‰è¯·æ±‚è€—æ—¶47ms
2023-02-23 14:13:10.145 INFO  com.example.wiki.LogFilter.Filter                 :21   [32m                  [0;39m å½“å‰çš„è¯·æ±‚åœ°å€ä¸º/doc/doclist/1
2023-02-23 14:13:10.145 INFO  com.example.wiki.LogFilter.Filter                 :22   [32m                  [0;39m è¿œç¨‹åœ°å€ä¸º0:0:0:0:0:0:0:1
2023-02-23 14:13:10.145 INFO  com.example.wiki.LogFilter.Filter                 :23   [32m                  [0;39m å½“å‰çš„è¯·æ±‚æ–¹å¼ä¸ºGET
2023-02-23 14:13:10.145 INFO  com.example.wiki.Interceptor.PostHandler          :17   [32m                  [0;39m å½“å‰çš„è¯·æ±‚åœ°å€ä¸º/doc/doclist/1
2023-02-23 14:13:10.145 INFO  com.example.wiki.Interceptor.PostHandler          :18   [32m                  [0;39m è¿œç¨‹åœ°å€ä¸º0:0:0:0:0:0:0:1
2023-02-23 14:13:10.145 INFO  com.example.wiki.Interceptor.PostHandler          :19   [32m                  [0;39m å½“å‰çš„è¯·æ±‚æ–¹å¼ä¸ºGET
2023-02-23 14:13:10.161 INFO  com.example.wiki.Interceptor.PostHandler          :29   [32m                  [0;39m -----å½“å‰è¯·æ±‚è€—æ—¶:16ms-----
2023-02-23 14:13:10.161 INFO  com.example.wiki.LogFilter.Filter                 :26   [32m                  [0;39m å½“å‰è¯·æ±‚è€—æ—¶16ms
2023-02-23 14:13:11.835 INFO  com.example.wiki.LogFilter.Filter                 :21   [32m                  [0;39m å½“å‰çš„è¯·æ±‚åœ°å€ä¸º/doc/detail/1
2023-02-23 14:13:11.835 INFO  com.example.wiki.LogFilter.Filter                 :22   [32m                  [0;39m è¿œç¨‹åœ°å€ä¸º0:0:0:0:0:0:0:1
2023-02-23 14:13:11.835 INFO  com.example.wiki.LogFilter.Filter                 :23   [32m                  [0;39m å½“å‰çš„è¯·æ±‚æ–¹å¼ä¸ºGET
2023-02-23 14:13:11.835 INFO  com.example.wiki.Interceptor.PostHandler          :17   [32m                  [0;39m å½“å‰çš„è¯·æ±‚åœ°å€ä¸º/doc/detail/1
2023-02-23 14:13:11.835 INFO  com.example.wiki.Interceptor.PostHandler          :18   [32m                  [0;39m è¿œç¨‹åœ°å€ä¸º0:0:0:0:0:0:0:1
2023-02-23 14:13:11.835 INFO  com.example.wiki.Interceptor.PostHandler          :19   [32m                  [0;39m å½“å‰çš„è¯·æ±‚æ–¹å¼ä¸ºGET
2023-02-23 14:13:11.867 INFO  com.example.wiki.Interceptor.PostHandler          :29   [32m                  [0;39m -----å½“å‰è¯·æ±‚è€—æ—¶:32ms-----
2023-02-23 14:13:11.867 INFO  com.example.wiki.LogFilter.Filter                 :26   [32m                  [0;39m å½“å‰è¯·æ±‚è€—æ—¶32ms
2023-02-23 14:13:22.548 INFO  com.example.wiki.LogFilter.Filter                 :21   [32m                  [0;39m å½“å‰çš„è¯·æ±‚åœ°å€ä¸º/doc/doclist/1
2023-02-23 14:13:22.548 INFO  com.example.wiki.LogFilter.Filter                 :22   [32m                  [0;39m è¿œç¨‹åœ°å€ä¸º0:0:0:0:0:0:0:1
2023-02-23 14:13:22.548 INFO  com.example.wiki.LogFilter.Filter                 :23   [32m                  [0;39m å½“å‰çš„è¯·æ±‚æ–¹å¼ä¸ºGET
2023-02-23 14:13:22.548 INFO  com.example.wiki.Interceptor.PostHandler          :17   [32m                  [0;39m å½“å‰çš„è¯·æ±‚åœ°å€ä¸º/doc/doclist/1
2023-02-23 14:13:22.548 INFO  com.example.wiki.Interceptor.PostHandler          :18   [32m                  [0;39m è¿œç¨‹åœ°å€ä¸º0:0:0:0:0:0:0:1
2023-02-23 14:13:22.548 INFO  com.example.wiki.Interceptor.PostHandler          :19   [32m                  [0;39m å½“å‰çš„è¯·æ±‚æ–¹å¼ä¸ºGET
2023-02-23 14:13:22.565 INFO  com.example.wiki.Interceptor.PostHandler          :29   [32m                  [0;39m -----å½“å‰è¯·æ±‚è€—æ—¶:17ms-----
2023-02-23 14:13:22.565 INFO  com.example.wiki.LogFilter.Filter                 :26   [32m                  [0;39m å½“å‰è¯·æ±‚è€—æ—¶17ms
2023-02-23 14:14:29.128 INFO  com.example.wiki.LogFilter.Filter                 :21   [32m                  [0;39m å½“å‰çš„è¯·æ±‚åœ°å€ä¸º/doc/doclist/1
2023-02-23 14:14:29.128 INFO  com.example.wiki.LogFilter.Filter                 :22   [32m                  [0;39m è¿œç¨‹åœ°å€ä¸º0:0:0:0:0:0:0:1
2023-02-23 14:14:29.128 INFO  com.example.wiki.LogFilter.Filter                 :23   [32m                  [0;39m å½“å‰çš„è¯·æ±‚æ–¹å¼ä¸ºGET
2023-02-23 14:14:29.128 INFO  com.example.wiki.Interceptor.PostHandler          :17   [32m                  [0;39m å½“å‰çš„è¯·æ±‚åœ°å€ä¸º/doc/doclist/1
2023-02-23 14:14:29.128 INFO  com.example.wiki.Interceptor.PostHandler          :18   [32m                  [0;39m è¿œç¨‹åœ°å€ä¸º0:0:0:0:0:0:0:1
2023-02-23 14:14:29.128 INFO  com.example.wiki.Interceptor.PostHandler          :19   [32m                  [0;39m å½“å‰çš„è¯·æ±‚æ–¹å¼ä¸ºGET
2023-02-23 14:14:29.144 INFO  com.example.wiki.Interceptor.PostHandler          :29   [32m                  [0;39m -----å½“å‰è¯·æ±‚è€—æ—¶:16ms-----
2023-02-23 14:14:29.144 INFO  com.example.wiki.LogFilter.Filter                 :26   [32m                  [0;39m å½“å‰è¯·æ±‚è€—æ—¶16ms
2023-02-23 14:14:39.896 INFO  com.example.wiki.LogFilter.Filter                 :21   [32m                  [0;39m å½“å‰çš„è¯·æ±‚åœ°å€ä¸º/doc/doclist/1
2023-02-23 14:14:39.896 INFO  com.example.wiki.LogFilter.Filter                 :22   [32m                  [0;39m è¿œç¨‹åœ°å€ä¸º0:0:0:0:0:0:0:1
2023-02-23 14:14:39.896 INFO  com.example.wiki.LogFilter.Filter                 :23   [32m                  [0;39m å½“å‰çš„è¯·æ±‚æ–¹å¼ä¸ºGET
2023-02-23 14:14:39.896 INFO  com.example.wiki.Interceptor.PostHandler          :17   [32m                  [0;39m å½“å‰çš„è¯·æ±‚åœ°å€ä¸º/doc/doclist/1
2023-02-23 14:14:39.896 INFO  com.example.wiki.Interceptor.PostHandler          :18   [32m                  [0;39m è¿œç¨‹åœ°å€ä¸º0:0:0:0:0:0:0:1
2023-02-23 14:14:39.896 INFO  com.example.wiki.Interceptor.PostHandler          :19   [32m                  [0;39m å½“å‰çš„è¯·æ±‚æ–¹å¼ä¸ºGET
2023-02-23 14:14:39.909 INFO  com.example.wiki.Interceptor.PostHandler          :29   [32m                  [0;39m -----å½“å‰è¯·æ±‚è€—æ—¶:13ms-----
2023-02-23 14:14:39.909 INFO  com.example.wiki.LogFilter.Filter                 :26   [32m                  [0;39m å½“å‰è¯·æ±‚è€—æ—¶13ms
2023-02-23 14:14:41.160 INFO  com.example.wiki.LogFilter.Filter                 :21   [32m                  [0;39m å½“å‰çš„è¯·æ±‚åœ°å€ä¸º/doc/detail/3
2023-02-23 14:14:41.160 INFO  com.example.wiki.LogFilter.Filter                 :22   [32m                  [0;39m è¿œç¨‹åœ°å€ä¸º0:0:0:0:0:0:0:1
2023-02-23 14:14:41.160 INFO  com.example.wiki.LogFilter.Filter                 :23   [32m                  [0;39m å½“å‰çš„è¯·æ±‚æ–¹å¼ä¸ºGET
2023-02-23 14:14:41.160 INFO  com.example.wiki.Interceptor.PostHandler          :17   [32m                  [0;39m å½“å‰çš„è¯·æ±‚åœ°å€ä¸º/doc/detail/3
2023-02-23 14:14:41.160 INFO  com.example.wiki.Interceptor.PostHandler          :18   [32m                  [0;39m è¿œç¨‹åœ°å€ä¸º0:0:0:0:0:0:0:1
2023-02-23 14:14:41.160 INFO  com.example.wiki.Interceptor.PostHandler          :19   [32m                  [0;39m å½“å‰çš„è¯·æ±‚æ–¹å¼ä¸ºGET
2023-02-23 14:14:41.191 INFO  com.example.wiki.Interceptor.PostHandler          :29   [32m                  [0;39m -----å½“å‰è¯·æ±‚è€—æ—¶:31ms-----
2023-02-23 14:14:41.191 INFO  com.example.wiki.LogFilter.Filter                 :26   [32m                  [0;39m å½“å‰è¯·æ±‚è€—æ—¶31ms
2023-02-23 14:14:50.042 INFO  com.example.wiki.LogFilter.Filter                 :21   [32m                  [0;39m å½“å‰çš„è¯·æ±‚åœ°å€ä¸º/doc/doclist/1
2023-02-23 14:14:50.042 INFO  com.example.wiki.LogFilter.Filter                 :22   [32m                  [0;39m è¿œç¨‹åœ°å€ä¸º0:0:0:0:0:0:0:1
2023-02-23 14:14:50.042 INFO  com.example.wiki.LogFilter.Filter                 :23   [32m                  [0;39m å½“å‰çš„è¯·æ±‚æ–¹å¼ä¸ºGET
2023-02-23 14:14:50.042 INFO  com.example.wiki.Interceptor.PostHandler          :17   [32m                  [0;39m å½“å‰çš„è¯·æ±‚åœ°å€ä¸º/doc/doclist/1
2023-02-23 14:14:50.042 INFO  com.example.wiki.Interceptor.PostHandler          :18   [32m                  [0;39m è¿œç¨‹åœ°å€ä¸º0:0:0:0:0:0:0:1
2023-02-23 14:14:50.042 INFO  com.example.wiki.Interceptor.PostHandler          :19   [32m                  [0;39m å½“å‰çš„è¯·æ±‚æ–¹å¼ä¸ºGET
2023-02-23 14:14:50.058 INFO  com.example.wiki.Interceptor.PostHandler          :29   [32m                  [0;39m -----å½“å‰è¯·æ±‚è€—æ—¶:16ms-----
2023-02-23 14:14:50.058 INFO  com.example.wiki.LogFilter.Filter                 :26   [32m                  [0;39m å½“å‰è¯·æ±‚è€—æ—¶16ms
2023-02-23 14:14:52.906 INFO  com.example.wiki.LogFilter.Filter                 :21   [32m                  [0;39m å½“å‰çš„è¯·æ±‚åœ°å€ä¸º/doc/detail/1
2023-02-23 14:14:52.906 INFO  com.example.wiki.LogFilter.Filter                 :22   [32m                  [0;39m è¿œç¨‹åœ°å€ä¸º0:0:0:0:0:0:0:1
2023-02-23 14:14:52.906 INFO  com.example.wiki.LogFilter.Filter                 :23   [32m                  [0;39m å½“å‰çš„è¯·æ±‚æ–¹å¼ä¸ºGET
2023-02-23 14:14:52.906 INFO  com.example.wiki.Interceptor.PostHandler          :17   [32m                  [0;39m å½“å‰çš„è¯·æ±‚åœ°å€ä¸º/doc/detail/1
2023-02-23 14:14:52.906 INFO  com.example.wiki.Interceptor.PostHandler          :18   [32m                  [0;39m è¿œç¨‹åœ°å€ä¸º0:0:0:0:0:0:0:1
2023-02-23 14:14:52.906 INFO  com.example.wiki.Interceptor.PostHandler          :19   [32m                  [0;39m å½“å‰çš„è¯·æ±‚æ–¹å¼ä¸ºGET
2023-02-23 14:14:52.921 INFO  com.example.wiki.Interceptor.PostHandler          :29   [32m                  [0;39m -----å½“å‰è¯·æ±‚è€—æ—¶:15ms-----
2023-02-23 14:14:52.921 INFO  com.example.wiki.LogFilter.Filter                 :26   [32m                  [0;39m å½“å‰è¯·æ±‚è€—æ—¶15ms
2023-02-23 14:14:58.644 INFO  com.example.wiki.LogFilter.Filter                 :21   [32m                  [0;39m å½“å‰çš„è¯·æ±‚åœ°å€ä¸º/doc/updateDoc
2023-02-23 14:14:58.644 INFO  com.example.wiki.LogFilter.Filter                 :22   [32m                  [0;39m è¿œç¨‹åœ°å€ä¸º0:0:0:0:0:0:0:1
2023-02-23 14:14:58.644 INFO  com.example.wiki.LogFilter.Filter                 :23   [32m                  [0;39m å½“å‰çš„è¯·æ±‚æ–¹å¼ä¸ºPOST
2023-02-23 14:14:58.644 INFO  com.example.wiki.Interceptor.PostHandler          :17   [32m                  [0;39m å½“å‰çš„è¯·æ±‚åœ°å€ä¸º/doc/updateDoc
2023-02-23 14:14:58.644 INFO  com.example.wiki.Interceptor.PostHandler          :18   [32m                  [0;39m è¿œç¨‹åœ°å€ä¸º0:0:0:0:0:0:0:1
2023-02-23 14:14:58.644 INFO  com.example.wiki.Interceptor.PostHandler          :19   [32m                  [0;39m å½“å‰çš„è¯·æ±‚æ–¹å¼ä¸ºPOST
2023-02-23 14:14:58.644 INFO  com.example.wiki.LogFilter.Filter                 :21   [32m                  [0;39m å½“å‰çš„è¯·æ±‚åœ°å€ä¸º/doc/list
2023-02-23 14:14:58.644 INFO  com.example.wiki.LogFilter.Filter                 :22   [32m                  [0;39m è¿œç¨‹åœ°å€ä¸º0:0:0:0:0:0:0:1
2023-02-23 14:14:58.659 INFO  com.example.wiki.LogFilter.Filter                 :23   [32m                  [0;39m å½“å‰çš„è¯·æ±‚æ–¹å¼ä¸ºGET
2023-02-23 14:14:58.659 INFO  com.example.wiki.Interceptor.PostHandler          :17   [32m                  [0;39m å½“å‰çš„è¯·æ±‚åœ°å€ä¸º/doc/list
2023-02-23 14:14:58.659 INFO  com.example.wiki.Interceptor.PostHandler          :18   [32m                  [0;39m è¿œç¨‹åœ°å€ä¸º0:0:0:0:0:0:0:1
2023-02-23 14:14:58.659 INFO  com.example.wiki.Interceptor.PostHandler          :19   [32m                  [0;39m å½“å‰çš„è¯·æ±‚æ–¹å¼ä¸ºGET
2023-02-23 14:14:58.675 INFO  com.example.wiki.Interceptor.PostHandler          :29   [32m                  [0;39m -----å½“å‰è¯·æ±‚è€—æ—¶:16ms-----
2023-02-23 14:14:58.675 INFO  com.example.wiki.LogFilter.Filter                 :26   [32m                  [0;39m å½“å‰è¯·æ±‚è€—æ—¶16ms
2023-02-23 14:14:58.690 INFO  com.example.wiki.Interceptor.PostHandler          :29   [32m                  [0;39m -----å½“å‰è¯·æ±‚è€—æ—¶:46ms-----
2023-02-23 14:14:58.690 INFO  com.example.wiki.LogFilter.Filter                 :26   [32m                  [0;39m å½“å‰è¯·æ±‚è€—æ—¶46ms
2023-02-23 14:16:15.929 INFO  com.example.wiki.LogFilter.Filter                 :21   [32m                  [0;39m å½“å‰çš„è¯·æ±‚åœ°å€ä¸º/doc/doclist/1
2023-02-23 14:16:15.929 INFO  com.example.wiki.LogFilter.Filter                 :22   [32m                  [0;39m è¿œç¨‹åœ°å€ä¸º0:0:0:0:0:0:0:1
2023-02-23 14:16:15.929 INFO  com.example.wiki.LogFilter.Filter                 :23   [32m                  [0;39m å½“å‰çš„è¯·æ±‚æ–¹å¼ä¸ºGET
2023-02-23 14:16:15.945 INFO  com.example.wiki.Interceptor.PostHandler          :17   [32m                  [0;39m å½“å‰çš„è¯·æ±‚åœ°å€ä¸º/doc/doclist/1
2023-02-23 14:16:15.945 INFO  com.example.wiki.Interceptor.PostHandler          :18   [32m                  [0;39m è¿œç¨‹åœ°å€ä¸º0:0:0:0:0:0:0:1
2023-02-23 14:16:15.945 INFO  com.example.wiki.Interceptor.PostHandler          :19   [32m                  [0;39m å½“å‰çš„è¯·æ±‚æ–¹å¼ä¸ºGET
2023-02-23 14:16:15.945 INFO  com.example.wiki.Interceptor.PostHandler          :29   [32m                  [0;39m -----å½“å‰è¯·æ±‚è€—æ—¶:0ms-----
2023-02-23 14:16:15.945 INFO  com.example.wiki.LogFilter.Filter                 :26   [32m                  [0;39m å½“å‰è¯·æ±‚è€—æ—¶16ms
2023-02-23 14:16:18.407 INFO  com.example.wiki.LogFilter.Filter                 :21   [32m                  [0;39m å½“å‰çš„è¯·æ±‚åœ°å€ä¸º/doc/detail/1
2023-02-23 14:16:18.407 INFO  com.example.wiki.LogFilter.Filter                 :22   [32m                  [0;39m è¿œç¨‹åœ°å€ä¸º0:0:0:0:0:0:0:1
2023-02-23 14:16:18.407 INFO  com.example.wiki.LogFilter.Filter                 :23   [32m                  [0;39m å½“å‰çš„è¯·æ±‚æ–¹å¼ä¸ºGET
2023-02-23 14:16:18.407 INFO  com.example.wiki.Interceptor.PostHandler          :17   [32m                  [0;39m å½“å‰çš„è¯·æ±‚åœ°å€ä¸º/doc/detail/1
2023-02-23 14:16:18.407 INFO  com.example.wiki.Interceptor.PostHandler          :18   [32m                  [0;39m è¿œç¨‹åœ°å€ä¸º0:0:0:0:0:0:0:1
2023-02-23 14:16:18.407 INFO  com.example.wiki.Interceptor.PostHandler          :19   [32m                  [0;39m å½“å‰çš„è¯·æ±‚æ–¹å¼ä¸ºGET
2023-02-23 14:16:18.438 INFO  com.example.wiki.Interceptor.PostHandler          :29   [32m                  [0;39m -----å½“å‰è¯·æ±‚è€—æ—¶:31ms-----
2023-02-23 14:16:18.438 INFO  com.example.wiki.LogFilter.Filter                 :26   [32m                  [0;39m å½“å‰è¯·æ±‚è€—æ—¶31ms
2023-02-23 14:16:23.139 INFO  com.example.wiki.LogFilter.Filter                 :21   [32m                  [0;39m å½“å‰çš„è¯·æ±‚åœ°å€ä¸º/doc/updateDoc
2023-02-23 14:16:23.139 INFO  com.example.wiki.LogFilter.Filter                 :22   [32m                  [0;39m è¿œç¨‹åœ°å€ä¸º0:0:0:0:0:0:0:1
2023-02-23 14:16:23.139 INFO  com.example.wiki.LogFilter.Filter                 :23   [32m                  [0;39m å½“å‰çš„è¯·æ±‚æ–¹å¼ä¸ºPOST
2023-02-23 14:16:23.154 INFO  com.example.wiki.Interceptor.PostHandler          :17   [32m                  [0;39m å½“å‰çš„è¯·æ±‚åœ°å€ä¸º/doc/updateDoc
2023-02-23 14:16:23.154 INFO  com.example.wiki.LogFilter.Filter                 :21   [32m                  [0;39m å½“å‰çš„è¯·æ±‚åœ°å€ä¸º/doc/list
2023-02-23 14:16:23.154 INFO  com.example.wiki.Interceptor.PostHandler          :18   [32m                  [0;39m è¿œç¨‹åœ°å€ä¸º0:0:0:0:0:0:0:1
2023-02-23 14:16:23.154 INFO  com.example.wiki.LogFilter.Filter                 :22   [32m                  [0;39m è¿œç¨‹åœ°å€ä¸º0:0:0:0:0:0:0:1
2023-02-23 14:16:23.154 INFO  com.example.wiki.Interceptor.PostHandler          :19   [32m                  [0;39m å½“å‰çš„è¯·æ±‚æ–¹å¼ä¸ºPOST
2023-02-23 14:16:23.154 INFO  com.example.wiki.LogFilter.Filter                 :23   [32m                  [0;39m å½“å‰çš„è¯·æ±‚æ–¹å¼ä¸ºGET
2023-02-23 14:16:23.154 INFO  com.example.wiki.Interceptor.PostHandler          :17   [32m                  [0;39m å½“å‰çš„è¯·æ±‚åœ°å€ä¸º/doc/list
2023-02-23 14:16:23.154 INFO  com.example.wiki.Interceptor.PostHandler          :18   [32m                  [0;39m è¿œç¨‹åœ°å€ä¸º0:0:0:0:0:0:0:1
2023-02-23 14:16:23.154 INFO  com.example.wiki.Interceptor.PostHandler          :19   [32m                  [0;39m å½“å‰çš„è¯·æ±‚æ–¹å¼ä¸ºGET
2023-02-23 14:16:23.170 INFO  com.example.wiki.Interceptor.PostHandler          :29   [32m                  [0;39m -----å½“å‰è¯·æ±‚è€—æ—¶:16ms-----
2023-02-23 14:16:23.170 INFO  com.example.wiki.LogFilter.Filter                 :26   [32m                  [0;39m å½“å‰è¯·æ±‚è€—æ—¶16ms
2023-02-23 14:16:23.185 INFO  com.example.wiki.Interceptor.PostHandler          :29   [32m                  [0;39m -----å½“å‰è¯·æ±‚è€—æ—¶:31ms-----
2023-02-23 14:16:23.185 INFO  com.example.wiki.LogFilter.Filter                 :26   [32m                  [0;39m å½“å‰è¯·æ±‚è€—æ—¶46ms
2023-02-23 14:16:42.597 INFO  com.example.wiki.LogFilter.Filter                 :21   [32m                  [0;39m å½“å‰çš„è¯·æ±‚åœ°å€ä¸º/doc/doclist/1
2023-02-23 14:16:42.597 INFO  com.example.wiki.LogFilter.Filter                 :22   [32m                  [0;39m è¿œç¨‹åœ°å€ä¸º0:0:0:0:0:0:0:1
2023-02-23 14:16:42.597 INFO  com.example.wiki.LogFilter.Filter                 :23   [32m                  [0;39m å½“å‰çš„è¯·æ±‚æ–¹å¼ä¸ºGET
2023-02-23 14:16:42.597 INFO  com.example.wiki.Interceptor.PostHandler          :17   [32m                  [0;39m å½“å‰çš„è¯·æ±‚åœ°å€ä¸º/doc/doclist/1
2023-02-23 14:16:42.597 INFO  com.example.wiki.Interceptor.PostHandler          :18   [32m                  [0;39m è¿œç¨‹åœ°å€ä¸º0:0:0:0:0:0:0:1
2023-02-23 14:16:42.597 INFO  com.example.wiki.Interceptor.PostHandler          :19   [32m                  [0;39m å½“å‰çš„è¯·æ±‚æ–¹å¼ä¸ºGET
2023-02-23 14:16:42.628 INFO  com.example.wiki.Interceptor.PostHandler          :29   [32m                  [0;39m -----å½“å‰è¯·æ±‚è€—æ—¶:31ms-----
2023-02-23 14:16:42.628 INFO  com.example.wiki.LogFilter.Filter                 :26   [32m                  [0;39m å½“å‰è¯·æ±‚è€—æ—¶31ms
2023-02-23 14:16:43.844 INFO  com.example.wiki.LogFilter.Filter                 :21   [32m                  [0;39m å½“å‰çš„è¯·æ±‚åœ°å€ä¸º/doc/detail/3
2023-02-23 14:16:43.844 INFO  com.example.wiki.LogFilter.Filter                 :22   [32m                  [0;39m è¿œç¨‹åœ°å€ä¸º0:0:0:0:0:0:0:1
2023-02-23 14:16:43.844 INFO  com.example.wiki.LogFilter.Filter                 :23   [32m                  [0;39m å½“å‰çš„è¯·æ±‚æ–¹å¼ä¸ºGET
2023-02-23 14:16:43.844 INFO  com.example.wiki.Interceptor.PostHandler          :17   [32m                  [0;39m å½“å‰çš„è¯·æ±‚åœ°å€ä¸º/doc/detail/3
2023-02-23 14:16:43.844 INFO  com.example.wiki.Interceptor.PostHandler          :18   [32m                  [0;39m è¿œç¨‹åœ°å€ä¸º0:0:0:0:0:0:0:1
2023-02-23 14:16:43.859 INFO  com.example.wiki.Interceptor.PostHandler          :19   [32m                  [0;39m å½“å‰çš„è¯·æ±‚æ–¹å¼ä¸ºGET
2023-02-23 14:16:43.875 INFO  com.example.wiki.Interceptor.PostHandler          :29   [32m                  [0;39m -----å½“å‰è¯·æ±‚è€—æ—¶:16ms-----
2023-02-23 14:16:43.875 INFO  com.example.wiki.LogFilter.Filter                 :26   [32m                  [0;39m å½“å‰è¯·æ±‚è€—æ—¶31ms
2023-02-23 14:16:50.117 INFO  com.example.wiki.LogFilter.Filter                 :21   [32m                  [0;39m å½“å‰çš„è¯·æ±‚åœ°å€ä¸º/doc/updateDoc
2023-02-23 14:16:50.117 INFO  com.example.wiki.LogFilter.Filter                 :22   [32m                  [0;39m è¿œç¨‹åœ°å€ä¸º0:0:0:0:0:0:0:1
2023-02-23 14:16:50.117 INFO  com.example.wiki.LogFilter.Filter                 :23   [32m                  [0;39m å½“å‰çš„è¯·æ±‚æ–¹å¼ä¸ºPOST
2023-02-23 14:16:50.117 INFO  com.example.wiki.Interceptor.PostHandler          :17   [32m                  [0;39m å½“å‰çš„è¯·æ±‚åœ°å€ä¸º/doc/updateDoc
2023-02-23 14:16:50.117 INFO  com.example.wiki.Interceptor.PostHandler          :18   [32m                  [0;39m è¿œç¨‹åœ°å€ä¸º0:0:0:0:0:0:0:1
2023-02-23 14:16:50.117 INFO  com.example.wiki.Interceptor.PostHandler          :19   [32m                  [0;39m å½“å‰çš„è¯·æ±‚æ–¹å¼ä¸ºPOST
2023-02-23 14:16:50.117 INFO  com.example.wiki.LogFilter.Filter                 :21   [32m                  [0;39m å½“å‰çš„è¯·æ±‚åœ°å€ä¸º/doc/list
2023-02-23 14:16:50.117 INFO  com.example.wiki.LogFilter.Filter                 :22   [32m                  [0;39m è¿œç¨‹åœ°å€ä¸º0:0:0:0:0:0:0:1
2023-02-23 14:16:50.117 INFO  com.example.wiki.LogFilter.Filter                 :23   [32m                  [0;39m å½“å‰çš„è¯·æ±‚æ–¹å¼ä¸ºGET
2023-02-23 14:16:50.132 INFO  com.example.wiki.Interceptor.PostHandler          :17   [32m                  [0;39m å½“å‰çš„è¯·æ±‚åœ°å€ä¸º/doc/list
2023-02-23 14:16:50.132 INFO  com.example.wiki.Interceptor.PostHandler          :18   [32m                  [0;39m è¿œç¨‹åœ°å€ä¸º0:0:0:0:0:0:0:1
2023-02-23 14:16:50.132 INFO  com.example.wiki.Interceptor.PostHandler          :19   [32m                  [0;39m å½“å‰çš„è¯·æ±‚æ–¹å¼ä¸ºGET
2023-02-23 14:16:50.148 INFO  com.example.wiki.Interceptor.PostHandler          :29   [32m                  [0;39m -----å½“å‰è¯·æ±‚è€—æ—¶:16ms-----
2023-02-23 14:16:50.148 INFO  com.example.wiki.LogFilter.Filter                 :26   [32m                  [0;39m å½“å‰è¯·æ±‚è€—æ—¶31ms
2023-02-23 14:16:50.148 INFO  com.example.wiki.Interceptor.PostHandler          :29   [32m                  [0;39m -----å½“å‰è¯·æ±‚è€—æ—¶:31ms-----
2023-02-23 14:16:50.148 INFO  com.example.wiki.LogFilter.Filter                 :26   [32m                  [0;39m å½“å‰è¯·æ±‚è€—æ—¶31ms
2023-02-23 14:19:13.303 INFO  com.example.wiki.LogFilter.Filter                 :21   [32m                  [0;39m å½“å‰çš„è¯·æ±‚åœ°å€ä¸º/category/list
2023-02-23 14:19:13.303 INFO  com.example.wiki.LogFilter.Filter                 :22   [32m                  [0;39m è¿œç¨‹åœ°å€ä¸º0:0:0:0:0:0:0:1
2023-02-23 14:19:13.303 INFO  com.example.wiki.LogFilter.Filter                 :23   [32m                  [0;39m å½“å‰çš„è¯·æ±‚æ–¹å¼ä¸ºGET
2023-02-23 14:19:13.303 INFO  com.example.wiki.Interceptor.PostHandler          :17   [32m                  [0;39m å½“å‰çš„è¯·æ±‚åœ°å€ä¸º/category/list
2023-02-23 14:19:13.303 INFO  com.example.wiki.Interceptor.PostHandler          :18   [32m                  [0;39m è¿œç¨‹åœ°å€ä¸º0:0:0:0:0:0:0:1
2023-02-23 14:19:13.303 INFO  com.example.wiki.Interceptor.PostHandler          :19   [32m                  [0;39m å½“å‰çš„è¯·æ±‚æ–¹å¼ä¸ºGET
2023-02-23 14:19:13.318 INFO  com.example.wiki.Interceptor.PostHandler          :29   [32m                  [0;39m -----å½“å‰è¯·æ±‚è€—æ—¶:15ms-----
2023-02-23 14:19:13.318 INFO  com.example.wiki.LogFilter.Filter                 :26   [32m                  [0;39m å½“å‰è¯·æ±‚è€—æ—¶15ms
2023-02-23 14:19:13.698 INFO  com.example.wiki.LogFilter.Filter                 :21   [32m                  [0;39m å½“å‰çš„è¯·æ±‚åœ°å€ä¸º/doc/doclist/1
2023-02-23 14:19:13.698 INFO  com.example.wiki.LogFilter.Filter                 :22   [32m                  [0;39m è¿œç¨‹åœ°å€ä¸º0:0:0:0:0:0:0:1
2023-02-23 14:19:13.698 INFO  com.example.wiki.LogFilter.Filter                 :23   [32m                  [0;39m å½“å‰çš„è¯·æ±‚æ–¹å¼ä¸ºGET
2023-02-23 14:19:13.698 INFO  com.example.wiki.Interceptor.PostHandler          :17   [32m                  [0;39m å½“å‰çš„è¯·æ±‚åœ°å€ä¸º/doc/doclist/1
2023-02-23 14:19:13.698 INFO  com.example.wiki.Interceptor.PostHandler          :18   [32m                  [0;39m è¿œç¨‹åœ°å€ä¸º0:0:0:0:0:0:0:1
2023-02-23 14:19:13.698 INFO  com.example.wiki.Interceptor.PostHandler          :19   [32m                  [0;39m å½“å‰çš„è¯·æ±‚æ–¹å¼ä¸ºGET
2023-02-23 14:19:13.714 INFO  com.example.wiki.Interceptor.PostHandler          :29   [32m                  [0;39m -----å½“å‰è¯·æ±‚è€—æ—¶:16ms-----
2023-02-23 14:19:13.714 INFO  com.example.wiki.LogFilter.Filter                 :26   [32m                  [0;39m å½“å‰è¯·æ±‚è€—æ—¶16ms
2023-02-23 14:19:18.097 INFO  com.example.wiki.LogFilter.Filter                 :21   [32m                  [0;39m å½“å‰çš„è¯·æ±‚åœ°å€ä¸º/doc/detail/3
2023-02-23 14:19:18.097 INFO  com.example.wiki.LogFilter.Filter                 :22   [32m                  [0;39m è¿œç¨‹åœ°å€ä¸º0:0:0:0:0:0:0:1
2023-02-23 14:19:18.097 INFO  com.example.wiki.LogFilter.Filter                 :23   [32m                  [0;39m å½“å‰çš„è¯·æ±‚æ–¹å¼ä¸ºGET
2023-02-23 14:19:18.112 INFO  com.example.wiki.Interceptor.PostHandler          :17   [32m                  [0;39m å½“å‰çš„è¯·æ±‚åœ°å€ä¸º/doc/detail/3
2023-02-23 14:19:18.112 INFO  com.example.wiki.Interceptor.PostHandler          :18   [32m                  [0;39m è¿œç¨‹åœ°å€ä¸º0:0:0:0:0:0:0:1
2023-02-23 14:19:18.112 INFO  com.example.wiki.Interceptor.PostHandler          :19   [32m                  [0;39m å½“å‰çš„è¯·æ±‚æ–¹å¼ä¸ºGET
2023-02-23 14:19:18.144 INFO  com.example.wiki.Interceptor.PostHandler          :29   [32m                  [0;39m -----å½“å‰è¯·æ±‚è€—æ—¶:32ms-----
2023-02-23 14:19:18.144 INFO  com.example.wiki.LogFilter.Filter                 :26   [32m                  [0;39m å½“å‰è¯·æ±‚è€—æ—¶32ms
2023-02-23 14:19:22.818 INFO  com.example.wiki.LogFilter.Filter                 :21   [32m                  [0;39m å½“å‰çš„è¯·æ±‚åœ°å€ä¸º/doc/updateDoc
2023-02-23 14:19:22.818 INFO  com.example.wiki.LogFilter.Filter                 :22   [32m                  [0;39m è¿œç¨‹åœ°å€ä¸º0:0:0:0:0:0:0:1
2023-02-23 14:19:22.818 INFO  com.example.wiki.LogFilter.Filter                 :23   [32m                  [0;39m å½“å‰çš„è¯·æ±‚æ–¹å¼ä¸ºPOST
2023-02-23 14:19:22.818 INFO  com.example.wiki.Interceptor.PostHandler          :17   [32m                  [0;39m å½“å‰çš„è¯·æ±‚åœ°å€ä¸º/doc/updateDoc
2023-02-23 14:19:22.833 INFO  com.example.wiki.Interceptor.PostHandler          :18   [32m                  [0;39m è¿œç¨‹åœ°å€ä¸º0:0:0:0:0:0:0:1
2023-02-23 14:19:22.833 INFO  com.example.wiki.LogFilter.Filter                 :21   [32m                  [0;39m å½“å‰çš„è¯·æ±‚åœ°å€ä¸º/doc/list
2023-02-23 14:19:22.833 INFO  com.example.wiki.Interceptor.PostHandler          :19   [32m                  [0;39m å½“å‰çš„è¯·æ±‚æ–¹å¼ä¸ºPOST
2023-02-23 14:19:22.833 INFO  com.example.wiki.LogFilter.Filter                 :22   [32m                  [0;39m è¿œç¨‹åœ°å€ä¸º0:0:0:0:0:0:0:1
2023-02-23 14:19:22.833 INFO  com.example.wiki.LogFilter.Filter                 :23   [32m                  [0;39m å½“å‰çš„è¯·æ±‚æ–¹å¼ä¸ºGET
2023-02-23 14:19:22.833 INFO  com.example.wiki.Interceptor.PostHandler          :17   [32m                  [0;39m å½“å‰çš„è¯·æ±‚åœ°å€ä¸º/doc/list
2023-02-23 14:19:22.833 INFO  com.example.wiki.Interceptor.PostHandler          :18   [32m                  [0;39m è¿œç¨‹åœ°å€ä¸º0:0:0:0:0:0:0:1
2023-02-23 14:19:22.833 INFO  com.example.wiki.Interceptor.PostHandler          :19   [32m                  [0;39m å½“å‰çš„è¯·æ±‚æ–¹å¼ä¸ºGET
2023-02-23 14:19:22.849 INFO  com.example.wiki.Interceptor.PostHandler          :29   [32m                  [0;39m -----å½“å‰è¯·æ±‚è€—æ—¶:16ms-----
2023-02-23 14:19:22.849 INFO  com.example.wiki.LogFilter.Filter                 :26   [32m                  [0;39m å½“å‰è¯·æ±‚è€—æ—¶16ms
2023-02-23 14:19:22.864 INFO  com.example.wiki.Interceptor.PostHandler          :29   [32m                  [0;39m -----å½“å‰è¯·æ±‚è€—æ—¶:31ms-----
2023-02-23 14:19:22.864 INFO  com.example.wiki.LogFilter.Filter                 :26   [32m                  [0;39m å½“å‰è¯·æ±‚è€—æ—¶46ms
2023-02-23 14:21:17.285 INFO  com.example.wiki.LogFilter.Filter                 :21   [32m                  [0;39m å½“å‰çš„è¯·æ±‚åœ°å€ä¸º/doc/doclist/1
2023-02-23 14:21:17.285 INFO  com.example.wiki.LogFilter.Filter                 :22   [32m                  [0;39m è¿œç¨‹åœ°å€ä¸º0:0:0:0:0:0:0:1
2023-02-23 14:21:17.285 INFO  com.example.wiki.LogFilter.Filter                 :23   [32m                  [0;39m å½“å‰çš„è¯·æ±‚æ–¹å¼ä¸ºGET
2023-02-23 14:21:17.285 INFO  com.example.wiki.Interceptor.PostHandler          :17   [32m                  [0;39m å½“å‰çš„è¯·æ±‚åœ°å€ä¸º/doc/doclist/1
2023-02-23 14:21:17.285 INFO  com.example.wiki.Interceptor.PostHandler          :18   [32m                  [0;39m è¿œç¨‹åœ°å€ä¸º0:0:0:0:0:0:0:1
2023-02-23 14:21:17.285 INFO  com.example.wiki.Interceptor.PostHandler          :19   [32m                  [0;39m å½“å‰çš„è¯·æ±‚æ–¹å¼ä¸ºGET
2023-02-23 14:21:17.304 INFO  com.example.wiki.Interceptor.PostHandler          :29   [32m                  [0;39m -----å½“å‰è¯·æ±‚è€—æ—¶:19ms-----
2023-02-23 14:21:17.304 INFO  com.example.wiki.LogFilter.Filter                 :26   [32m                  [0;39m å½“å‰è¯·æ±‚è€—æ—¶19ms
2023-02-23 14:21:23.166 INFO  com.example.wiki.LogFilter.Filter                 :21   [32m                  [0;39m å½“å‰çš„è¯·æ±‚åœ°å€ä¸º/doc/detail/3
2023-02-23 14:21:23.166 INFO  com.example.wiki.LogFilter.Filter                 :22   [32m                  [0;39m è¿œç¨‹åœ°å€ä¸º0:0:0:0:0:0:0:1
2023-02-23 14:21:23.166 INFO  com.example.wiki.LogFilter.Filter                 :23   [32m                  [0;39m å½“å‰çš„è¯·æ±‚æ–¹å¼ä¸ºGET
2023-02-23 14:21:23.166 INFO  com.example.wiki.Interceptor.PostHandler          :17   [32m                  [0;39m å½“å‰çš„è¯·æ±‚åœ°å€ä¸º/doc/detail/3
2023-02-23 14:21:23.166 INFO  com.example.wiki.Interceptor.PostHandler          :18   [32m                  [0;39m è¿œç¨‹åœ°å€ä¸º0:0:0:0:0:0:0:1
2023-02-23 14:21:23.166 INFO  com.example.wiki.Interceptor.PostHandler          :19   [32m                  [0;39m å½“å‰çš„è¯·æ±‚æ–¹å¼ä¸ºGET
2023-02-23 14:21:23.197 INFO  com.example.wiki.Interceptor.PostHandler          :29   [32m                  [0;39m -----å½“å‰è¯·æ±‚è€—æ—¶:31ms-----
2023-02-23 14:21:23.197 INFO  com.example.wiki.LogFilter.Filter                 :26   [32m                  [0;39m å½“å‰è¯·æ±‚è€—æ—¶31ms
2023-02-23 14:21:29.419 INFO  com.example.wiki.LogFilter.Filter                 :21   [32m                  [0;39m å½“å‰çš„è¯·æ±‚åœ°å€ä¸º/doc/updateDoc
2023-02-23 14:21:29.419 INFO  com.example.wiki.LogFilter.Filter                 :22   [32m                  [0;39m è¿œç¨‹åœ°å€ä¸º0:0:0:0:0:0:0:1
2023-02-23 14:21:29.419 INFO  com.example.wiki.LogFilter.Filter                 :23   [32m                  [0;39m å½“å‰çš„è¯·æ±‚æ–¹å¼ä¸ºPOST
2023-02-23 14:21:29.419 INFO  com.example.wiki.Interceptor.PostHandler          :17   [32m                  [0;39m å½“å‰çš„è¯·æ±‚åœ°å€ä¸º/doc/updateDoc
2023-02-23 14:21:29.435 INFO  com.example.wiki.Interceptor.PostHandler          :18   [32m                  [0;39m è¿œç¨‹åœ°å€ä¸º0:0:0:0:0:0:0:1
2023-02-23 14:21:29.435 INFO  com.example.wiki.LogFilter.Filter                 :21   [32m                  [0;39m å½“å‰çš„è¯·æ±‚åœ°å€ä¸º/doc/list
2023-02-23 14:21:29.435 INFO  com.example.wiki.Interceptor.PostHandler          :19   [32m                  [0;39m å½“å‰çš„è¯·æ±‚æ–¹å¼ä¸ºPOST
2023-02-23 14:21:29.435 INFO  com.example.wiki.LogFilter.Filter                 :22   [32m                  [0;39m è¿œç¨‹åœ°å€ä¸º0:0:0:0:0:0:0:1
2023-02-23 14:21:29.435 INFO  com.example.wiki.LogFilter.Filter                 :23   [32m                  [0;39m å½“å‰çš„è¯·æ±‚æ–¹å¼ä¸ºGET
2023-02-23 14:21:29.435 INFO  com.example.wiki.Interceptor.PostHandler          :17   [32m                  [0;39m å½“å‰çš„è¯·æ±‚åœ°å€ä¸º/doc/list
2023-02-23 14:21:29.435 INFO  com.example.wiki.Interceptor.PostHandler          :18   [32m                  [0;39m è¿œç¨‹åœ°å€ä¸º0:0:0:0:0:0:0:1
2023-02-23 14:21:29.435 INFO  com.example.wiki.Interceptor.PostHandler          :19   [32m                  [0;39m å½“å‰çš„è¯·æ±‚æ–¹å¼ä¸ºGET
2023-02-23 14:21:29.450 INFO  com.example.wiki.Interceptor.PostHandler          :29   [32m                  [0;39m -----å½“å‰è¯·æ±‚è€—æ—¶:15ms-----
2023-02-23 14:21:29.450 INFO  com.example.wiki.LogFilter.Filter                 :26   [32m                  [0;39m å½“å‰è¯·æ±‚è€—æ—¶15ms
2023-02-23 14:21:29.466 INFO  com.example.wiki.Interceptor.PostHandler          :29   [32m                  [0;39m -----å½“å‰è¯·æ±‚è€—æ—¶:31ms-----
2023-02-23 14:21:29.466 INFO  com.example.wiki.LogFilter.Filter                 :26   [32m                  [0;39m å½“å‰è¯·æ±‚è€—æ—¶47ms
2023-02-23 14:53:43.872 WARN  com.zaxxer.hikari.pool.HikariPool                 :788  [32m                  [0;39m HikariPool-1 - Thread starvation or clock leap detected (housekeeper delta=16m21s191ms13Âµs500ns).
2023-02-23 15:58:00.059 WARN  com.zaxxer.hikari.pool.HikariPool                 :788  [32m                  [0;39m HikariPool-1 - Thread starvation or clock leap detected (housekeeper delta=56m16s70ms726Âµs700ns).
2023-02-23 15:58:18.483 INFO  com.example.wiki.LogFilter.Filter                 :21   [32m                  [0;39m å½“å‰çš„è¯·æ±‚åœ°å€ä¸º/
2023-02-23 15:58:18.483 INFO  com.example.wiki.LogFilter.Filter                 :22   [32m                  [0;39m è¿œç¨‹åœ°å€ä¸º192.168.123.1
2023-02-23 15:58:18.483 INFO  com.example.wiki.LogFilter.Filter                 :23   [32m                  [0;39m å½“å‰çš„è¯·æ±‚æ–¹å¼ä¸ºGET
2023-02-23 15:58:18.520 INFO  com.example.wiki.Interceptor.PostHandler          :17   [32m                  [0;39m å½“å‰çš„è¯·æ±‚åœ°å€ä¸º/
2023-02-23 15:58:18.520 INFO  com.example.wiki.Interceptor.PostHandler          :18   [32m                  [0;39m è¿œç¨‹åœ°å€ä¸º192.168.123.1
2023-02-23 15:58:18.524 INFO  com.example.wiki.Interceptor.PostHandler          :19   [32m                  [0;39m å½“å‰çš„è¯·æ±‚æ–¹å¼ä¸ºGET
2023-02-23 15:58:18.524 INFO  com.example.wiki.Interceptor.PostHandler          :29   [32m                  [0;39m -----å½“å‰è¯·æ±‚è€—æ—¶:0ms-----
2023-02-23 15:58:18.524 INFO  com.example.wiki.LogFilter.Filter                 :26   [32m                  [0;39m å½“å‰è¯·æ±‚è€—æ—¶41ms
2023-02-23 15:58:18.556 INFO  com.example.wiki.Interceptor.PostHandler          :17   [32m                  [0;39m å½“å‰çš„è¯·æ±‚åœ°å€ä¸º/error
2023-02-23 15:58:18.556 INFO  com.example.wiki.Interceptor.PostHandler          :18   [32m                  [0;39m è¿œç¨‹åœ°å€ä¸º192.168.123.1
2023-02-23 15:58:18.556 INFO  com.example.wiki.Interceptor.PostHandler          :19   [32m                  [0;39m å½“å‰çš„è¯·æ±‚æ–¹å¼ä¸ºGET
2023-02-23 15:58:18.612 INFO  com.example.wiki.Interceptor.PostHandler          :29   [32m                  [0;39m -----å½“å‰è¯·æ±‚è€—æ—¶:56ms-----
2023-02-23 18:14:08.354 WARN  com.zaxxer.hikari.pool.HikariPool                 :788  [32m                  [0;39m HikariPool-1 - Thread starvation or clock leap detected (housekeeper delta=2h13m38s251ms780Âµs100ns).
2023-02-23 21:28:06.871 WARN  com.zaxxer.hikari.pool.HikariPool                 :788  [32m                  [0;39m HikariPool-1 - Thread starvation or clock leap detected (housekeeper delta=3h11m4s46ms9Âµs400ns).
2023-02-23 21:28:10.477 INFO  com.example.wiki.LogFilter.Filter                 :21   [32m                  [0;39m å½“å‰çš„è¯·æ±‚åœ°å€ä¸º/
2023-02-23 21:28:10.477 INFO  com.example.wiki.LogFilter.Filter                 :22   [32m                  [0;39m è¿œç¨‹åœ°å€ä¸º192.168.123.1
2023-02-23 21:28:10.477 INFO  com.example.wiki.LogFilter.Filter                 :23   [32m                  [0;39m å½“å‰çš„è¯·æ±‚æ–¹å¼ä¸ºGET
2023-02-23 21:28:10.477 INFO  com.example.wiki.Interceptor.PostHandler          :17   [32m                  [0;39m å½“å‰çš„è¯·æ±‚åœ°å€ä¸º/
2023-02-23 21:28:10.477 INFO  com.example.wiki.Interceptor.PostHandler          :18   [32m                  [0;39m è¿œç¨‹åœ°å€ä¸º192.168.123.1
2023-02-23 21:28:10.477 INFO  com.example.wiki.Interceptor.PostHandler          :19   [32m                  [0;39m å½“å‰çš„è¯·æ±‚æ–¹å¼ä¸ºGET
2023-02-23 21:28:10.477 INFO  com.example.wiki.Interceptor.PostHandler          :29   [32m                  [0;39m -----å½“å‰è¯·æ±‚è€—æ—¶:0ms-----
2023-02-23 21:28:10.477 INFO  com.example.wiki.LogFilter.Filter                 :26   [32m                  [0;39m å½“å‰è¯·æ±‚è€—æ—¶0ms
2023-02-23 21:28:10.481 INFO  com.example.wiki.Interceptor.PostHandler          :17   [32m                  [0;39m å½“å‰çš„è¯·æ±‚åœ°å€ä¸º/error
2023-02-23 21:28:10.481 INFO  com.example.wiki.Interceptor.PostHandler          :18   [32m                  [0;39m è¿œç¨‹åœ°å€ä¸º192.168.123.1
2023-02-23 21:28:10.481 INFO  com.example.wiki.Interceptor.PostHandler          :19   [32m                  [0;39m å½“å‰çš„è¯·æ±‚æ–¹å¼ä¸ºGET
2023-02-23 21:28:10.481 INFO  com.example.wiki.Interceptor.PostHandler          :29   [32m                  [0;39m -----å½“å‰è¯·æ±‚è€—æ—¶:0ms-----
