2023-03-14 08:20:31.709 INFO  com.example.wiki.WikiApplication                  :55   [32m                  [0;39m Starting WikiApplication using Java 1.8.0_181 on DESKTOP-7STC1JQ with PID 4480 (E:\ideafile\spring\wiki\target\classes started by ADMIN in E:\ideafile\spring\wiki)
2023-03-14 08:20:31.715 INFO  com.example.wiki.WikiApplication                  :634  [32m                  [0;39m No active profile set, falling back to 1 default profile: "default"
2023-03-14 08:20:31.825 INFO  com.example.wiki.WikiApplication                  :55   [32m                  [0;39m Starting WikiApplication using Java 1.8.0_181 on DESKTOP-7STC1JQ with PID 14476 (E:\ideafile\spring\wiki\target\classes started by ADMIN in E:\ideafile\spring\wiki)
2023-03-14 08:20:31.828 INFO  com.example.wiki.WikiApplication                  :634  [32m                  [0;39m No active profile set, falling back to 1 default profile: "default"
2023-03-14 08:20:32.759 INFO  o.s.d.r.config.RepositoryConfigurationDelegate    :262  [32m                  [0;39m Multiple Spring Data modules found, entering strict repository configuration mode
2023-03-14 08:20:32.762 INFO  o.s.d.r.config.RepositoryConfigurationDelegate    :132  [32m                  [0;39m Bootstrapping Spring Data Redis repositories in DEFAULT mode.
2023-03-14 08:20:32.764 INFO  o.s.d.r.config.RepositoryConfigurationDelegate    :262  [32m                  [0;39m Multiple Spring Data modules found, entering strict repository configuration mode
2023-03-14 08:20:32.767 INFO  o.s.d.r.config.RepositoryConfigurationDelegate    :132  [32m                  [0;39m Bootstrapping Spring Data Redis repositories in DEFAULT mode.
2023-03-14 08:20:32.793 INFO  o.s.d.r.config.RepositoryConfigurationDelegate    :201  [32m                  [0;39m Finished Spring Data repository scanning in 11 ms. Found 0 Redis repository interfaces.
2023-03-14 08:20:32.796 INFO  o.s.d.r.config.RepositoryConfigurationDelegate    :201  [32m                  [0;39m Finished Spring Data repository scanning in 12 ms. Found 0 Redis repository interfaces.
2023-03-14 08:20:32.891 WARN  org.mybatis.spring.mapper.ClassPathMapperScanner  :44   [32m                  [0;39m Skipping MapperFactoryBean with name 'categoryMapper' and 'com.example.wiki.mapper.CategoryMapper' mapperInterface. Bean already defined with the same name!
2023-03-14 08:20:32.891 WARN  org.mybatis.spring.mapper.ClassPathMapperScanner  :44   [32m                  [0;39m Skipping MapperFactoryBean with name 'contentMapper' and 'com.example.wiki.mapper.ContentMapper' mapperInterface. Bean already defined with the same name!
2023-03-14 08:20:32.892 WARN  org.mybatis.spring.mapper.ClassPathMapperScanner  :44   [32m                  [0;39m Skipping MapperFactoryBean with name 'docMapper' and 'com.example.wiki.mapper.DocMapper' mapperInterface. Bean already defined with the same name!
2023-03-14 08:20:32.892 WARN  org.mybatis.spring.mapper.ClassPathMapperScanner  :44   [32m                  [0;39m Skipping MapperFactoryBean with name 'ebookMapper' and 'com.example.wiki.mapper.EbookMapper' mapperInterface. Bean already defined with the same name!
2023-03-14 08:20:32.892 WARN  org.mybatis.spring.mapper.ClassPathMapperScanner  :44   [32m                  [0;39m Skipping MapperFactoryBean with name 'testMapper' and 'com.example.wiki.mapper.TestMapper' mapperInterface. Bean already defined with the same name!
2023-03-14 08:20:32.892 WARN  org.mybatis.spring.mapper.ClassPathMapperScanner  :44   [32m                  [0;39m Skipping MapperFactoryBean with name 'userMapper' and 'com.example.wiki.mapper.UserMapper' mapperInterface. Bean already defined with the same name!
2023-03-14 08:20:32.892 WARN  org.mybatis.spring.mapper.ClassPathMapperScanner  :44   [32m                  [0;39m No MyBatis mapper was found in '[com.example.wiki.mapper]' package. Please check your configuration.
2023-03-14 08:20:32.900 WARN  org.mybatis.spring.mapper.ClassPathMapperScanner  :44   [32m                  [0;39m Skipping MapperFactoryBean with name 'categoryMapper' and 'com.example.wiki.mapper.CategoryMapper' mapperInterface. Bean already defined with the same name!
2023-03-14 08:20:32.900 WARN  org.mybatis.spring.mapper.ClassPathMapperScanner  :44   [32m                  [0;39m Skipping MapperFactoryBean with name 'contentMapper' and 'com.example.wiki.mapper.ContentMapper' mapperInterface. Bean already defined with the same name!
2023-03-14 08:20:32.900 WARN  org.mybatis.spring.mapper.ClassPathMapperScanner  :44   [32m                  [0;39m Skipping MapperFactoryBean with name 'docMapper' and 'com.example.wiki.mapper.DocMapper' mapperInterface. Bean already defined with the same name!
2023-03-14 08:20:32.900 WARN  org.mybatis.spring.mapper.ClassPathMapperScanner  :44   [32m                  [0;39m Skipping MapperFactoryBean with name 'ebookMapper' and 'com.example.wiki.mapper.EbookMapper' mapperInterface. Bean already defined with the same name!
2023-03-14 08:20:32.900 WARN  org.mybatis.spring.mapper.ClassPathMapperScanner  :44   [32m                  [0;39m Skipping MapperFactoryBean with name 'testMapper' and 'com.example.wiki.mapper.TestMapper' mapperInterface. Bean already defined with the same name!
2023-03-14 08:20:32.900 WARN  org.mybatis.spring.mapper.ClassPathMapperScanner  :44   [32m                  [0;39m Skipping MapperFactoryBean with name 'userMapper' and 'com.example.wiki.mapper.UserMapper' mapperInterface. Bean already defined with the same name!
2023-03-14 08:20:32.901 WARN  org.mybatis.spring.mapper.ClassPathMapperScanner  :44   [32m                  [0;39m No MyBatis mapper was found in '[com.example.wiki.mapper]' package. Please check your configuration.
2023-03-14 08:20:33.368 INFO  o.s.boot.web.embedded.tomcat.TomcatWebServer      :108  [32m                  [0;39m Tomcat initialized with port(s): 80 (http)
2023-03-14 08:20:33.437 INFO  o.s.boot.web.embedded.tomcat.TomcatWebServer      :108  [32m                  [0;39m Tomcat initialized with port(s): 80 (http)
2023-03-14 08:20:33.450 INFO  org.apache.coyote.http11.Http11NioProtocol        :173  [32m                  [0;39m Initializing ProtocolHandler ["http-nio-80"]
2023-03-14 08:20:33.452 INFO  org.apache.catalina.core.StandardService          :173  [32m                  [0;39m Starting service [Tomcat]
2023-03-14 08:20:33.453 INFO  org.apache.catalina.core.StandardEngine           :173  [32m                  [0;39m Starting Servlet engine: [Apache Tomcat/9.0.68]
2023-03-14 08:20:33.627 INFO  o.s.b.w.s.c.ServletWebServerApplicationContext    :292  [32m                  [0;39m Root WebApplicationContext: initialization completed in 1739 ms
2023-03-14 08:20:33.630 INFO  o.a.c.core.ContainerBase.[Tomcat].[localhost].[/] :173  [32m                  [0;39m Initializing Spring embedded WebApplicationContext
2023-03-14 08:20:33.631 INFO  o.s.b.w.s.c.ServletWebServerApplicationContext    :292  [32m                  [0;39m Root WebApplicationContext: initialization completed in 1833 ms
2023-03-14 08:20:35.877 INFO  o.s.boot.web.embedded.tomcat.TomcatWebServer      :220  [32m                  [0;39m Tomcat started on port(s): 80 (http) with context path ''
2023-03-14 08:20:35.888 INFO  com.example.wiki.WikiApplication                  :61   [32m                  [0;39m Started WikiApplication in 4.662 seconds (JVM running for 5.733)
2023-03-14 08:20:35.904 INFO  org.apache.coyote.http11.Http11NioProtocol        :173  [32m                  [0;39m Starting ProtocolHandler ["http-nio-80"]
2023-03-14 08:20:35.908 WARN  o.s.b.w.s.c.AnnotationConfigServletWebServerApplicationContext:591  [32m                  [0;39m Exception encountered during context initialization - cancelling refresh attempt: org.springframework.context.ApplicationContextException: Failed to start bean 'webServerStartStop'; nested exception is org.springframework.boot.web.server.PortInUseException: Port 80 is already in use
2023-03-14 08:20:35.924 INFO  org.apache.coyote.http11.Http11NioProtocol        :173  [32m                  [0;39m Pausing ProtocolHandler ["http-nio-80"]
2023-03-14 08:20:35.924 INFO  org.apache.catalina.core.StandardService          :173  [32m                  [0;39m Stopping service [Tomcat]
2023-03-14 08:20:35.928 INFO  org.apache.coyote.http11.Http11NioProtocol        :173  [32m                  [0;39m Stopping ProtocolHandler ["http-nio-80"]
2023-03-14 08:20:35.929 INFO  org.apache.coyote.http11.Http11NioProtocol        :173  [32m                  [0;39m Destroying ProtocolHandler ["http-nio-80"]
2023-03-14 08:20:35.934 INFO  o.s.b.a.l.ConditionEvaluationReportLoggingListener:136  [32m                  [0;39m 

Error starting ApplicationContext. To display the conditions report re-run your application with 'debug' enabled.
2023-03-14 08:20:35.951 ERROR o.s.b.diagnostics.LoggingFailureAnalysisReporter  :40   [32m                  [0;39m 

***************************
APPLICATION FAILED TO START
***************************

Description:

Web server failed to start. Port 80 was already in use.

Action:

Identify and stop the process that's listening on port 80 or configure this application to listen on another port.

2023-03-14 08:20:41.923 INFO  com.example.wiki.WikiApplication                  :55   [32m                  [0;39m Starting WikiApplication using Java 1.8.0_181 on DESKTOP-7STC1JQ with PID 17400 (E:\ideafile\spring\wiki\target\classes started by ADMIN in E:\ideafile\spring\wiki)
2023-03-14 08:20:41.925 INFO  com.example.wiki.WikiApplication                  :634  [32m                  [0;39m No active profile set, falling back to 1 default profile: "default"
2023-03-14 08:20:42.370 INFO  o.s.d.r.config.RepositoryConfigurationDelegate    :262  [32m                  [0;39m Multiple Spring Data modules found, entering strict repository configuration mode
2023-03-14 08:20:42.372 INFO  o.s.d.r.config.RepositoryConfigurationDelegate    :132  [32m                  [0;39m Bootstrapping Spring Data Redis repositories in DEFAULT mode.
2023-03-14 08:20:42.390 INFO  o.s.d.r.config.RepositoryConfigurationDelegate    :201  [32m                  [0;39m Finished Spring Data repository scanning in 8 ms. Found 0 Redis repository interfaces.
2023-03-14 08:20:42.463 WARN  org.mybatis.spring.mapper.ClassPathMapperScanner  :44   [32m                  [0;39m Skipping MapperFactoryBean with name 'categoryMapper' and 'com.example.wiki.mapper.CategoryMapper' mapperInterface. Bean already defined with the same name!
2023-03-14 08:20:42.463 WARN  org.mybatis.spring.mapper.ClassPathMapperScanner  :44   [32m                  [0;39m Skipping MapperFactoryBean with name 'contentMapper' and 'com.example.wiki.mapper.ContentMapper' mapperInterface. Bean already defined with the same name!
2023-03-14 08:20:42.464 WARN  org.mybatis.spring.mapper.ClassPathMapperScanner  :44   [32m                  [0;39m Skipping MapperFactoryBean with name 'docMapper' and 'com.example.wiki.mapper.DocMapper' mapperInterface. Bean already defined with the same name!
2023-03-14 08:20:42.464 WARN  org.mybatis.spring.mapper.ClassPathMapperScanner  :44   [32m                  [0;39m Skipping MapperFactoryBean with name 'ebookMapper' and 'com.example.wiki.mapper.EbookMapper' mapperInterface. Bean already defined with the same name!
2023-03-14 08:20:42.464 WARN  org.mybatis.spring.mapper.ClassPathMapperScanner  :44   [32m                  [0;39m Skipping MapperFactoryBean with name 'testMapper' and 'com.example.wiki.mapper.TestMapper' mapperInterface. Bean already defined with the same name!
2023-03-14 08:20:42.464 WARN  org.mybatis.spring.mapper.ClassPathMapperScanner  :44   [32m                  [0;39m Skipping MapperFactoryBean with name 'userMapper' and 'com.example.wiki.mapper.UserMapper' mapperInterface. Bean already defined with the same name!
2023-03-14 08:20:42.465 WARN  org.mybatis.spring.mapper.ClassPathMapperScanner  :44   [32m                  [0;39m No MyBatis mapper was found in '[com.example.wiki.mapper]' package. Please check your configuration.
2023-03-14 08:20:42.737 INFO  o.s.boot.web.embedded.tomcat.TomcatWebServer      :108  [32m                  [0;39m Tomcat initialized with port(s): 80 (http)
2023-03-14 08:20:42.743 INFO  org.apache.coyote.http11.Http11NioProtocol        :173  [32m                  [0;39m Initializing ProtocolHandler ["http-nio-80"]
2023-03-14 08:20:42.743 INFO  org.apache.catalina.core.StandardService          :173  [32m                  [0;39m Starting service [Tomcat]
2023-03-14 08:20:42.743 INFO  org.apache.catalina.core.StandardEngine           :173  [32m                  [0;39m Starting Servlet engine: [Apache Tomcat/9.0.68]
2023-03-14 08:20:42.819 INFO  o.a.c.core.ContainerBase.[Tomcat].[localhost].[/] :173  [32m                  [0;39m Initializing Spring embedded WebApplicationContext
2023-03-14 08:20:42.819 INFO  o.s.b.w.s.c.ServletWebServerApplicationContext    :292  [32m                  [0;39m Root WebApplicationContext: initialization completed in 861 ms
2023-03-14 08:20:43.948 INFO  org.apache.coyote.http11.Http11NioProtocol        :173  [32m                  [0;39m Starting ProtocolHandler ["http-nio-80"]
2023-03-14 08:20:43.960 INFO  o.s.boot.web.embedded.tomcat.TomcatWebServer      :220  [32m                  [0;39m Tomcat started on port(s): 80 (http) with context path ''
2023-03-14 08:20:43.967 INFO  com.example.wiki.WikiApplication                  :61   [32m                  [0;39m Started WikiApplication in 2.407 seconds (JVM running for 3.34)
2023-03-14 08:21:06.755 INFO  o.a.c.core.ContainerBase.[Tomcat].[localhost].[/] :173  [32m                  [0;39m Initializing Spring DispatcherServlet 'dispatcherServlet'
2023-03-14 08:21:06.755 INFO  org.springframework.web.servlet.DispatcherServlet :525  [32m                  [0;39m Initializing Servlet 'dispatcherServlet'
2023-03-14 08:21:06.757 INFO  org.springframework.web.servlet.DispatcherServlet :547  [32m                  [0;39m Completed initialization in 1 ms
2023-03-14 08:21:06.763 INFO  com.example.wiki.LogFilter.Filter                 :21   [32m                  [0;39m å½“å‰çš„è¯·æ±‚åœ°å€ä¸º/category/list
2023-03-14 08:21:06.764 INFO  com.example.wiki.LogFilter.Filter                 :22   [32m                  [0;39m è¿œç¨‹åœ°å€ä¸º0:0:0:0:0:0:0:1
2023-03-14 08:21:06.764 INFO  com.example.wiki.LogFilter.Filter                 :23   [32m                  [0;39m å½“å‰çš„è¯·æ±‚æ–¹å¼ä¸ºGET
2023-03-14 08:21:06.791 INFO  com.example.wiki.Interceptor.PostHandler          :17   [32m                  [0;39m å½“å‰çš„è¯·æ±‚åœ°å€ä¸º/category/list
2023-03-14 08:21:06.791 INFO  com.example.wiki.Interceptor.PostHandler          :18   [32m                  [0;39m è¿œç¨‹åœ°å€ä¸º0:0:0:0:0:0:0:1
2023-03-14 08:21:06.791 INFO  com.example.wiki.Interceptor.PostHandler          :19   [32m                  [0;39m å½“å‰çš„è¯·æ±‚æ–¹å¼ä¸ºGET
2023-03-14 08:21:06.864 INFO  com.zaxxer.hikari.HikariDataSource                :110  [32m                  [0;39m HikariPool-1 - Starting...
2023-03-14 08:21:07.424 INFO  com.zaxxer.hikari.HikariDataSource                :123  [32m                  [0;39m HikariPool-1 - Start completed.
2023-03-14 08:21:07.581 INFO  com.example.wiki.Interceptor.PostHandler          :29   [32m                  [0;39m -----å½“å‰è¯·æ±‚è€—æ—¶:789ms-----
2023-03-14 08:21:07.583 INFO  com.example.wiki.LogFilter.Filter                 :26   [32m                  [0;39m å½“å‰è¯·æ±‚è€—æ—¶819ms
2023-03-14 08:22:01.227 INFO  com.example.wiki.LogFilter.Filter                 :21   [32m                  [0;39m å½“å‰çš„è¯·æ±‚åœ°å€ä¸º/category/list
2023-03-14 08:22:01.228 INFO  com.example.wiki.LogFilter.Filter                 :22   [32m                  [0;39m è¿œç¨‹åœ°å€ä¸º0:0:0:0:0:0:0:1
2023-03-14 08:22:01.228 INFO  com.example.wiki.LogFilter.Filter                 :23   [32m                  [0;39m å½“å‰çš„è¯·æ±‚æ–¹å¼ä¸ºGET
2023-03-14 08:22:01.229 INFO  com.example.wiki.Interceptor.PostHandler          :17   [32m                  [0;39m å½“å‰çš„è¯·æ±‚åœ°å€ä¸º/category/list
2023-03-14 08:22:01.229 INFO  com.example.wiki.Interceptor.PostHandler          :18   [32m                  [0;39m è¿œç¨‹åœ°å€ä¸º0:0:0:0:0:0:0:1
2023-03-14 08:22:01.229 INFO  com.example.wiki.Interceptor.PostHandler          :19   [32m                  [0;39m å½“å‰çš„è¯·æ±‚æ–¹å¼ä¸ºGET
2023-03-14 08:22:01.239 INFO  com.example.wiki.Interceptor.PostHandler          :29   [32m                  [0;39m -----å½“å‰è¯·æ±‚è€—æ—¶:9ms-----
2023-03-14 08:22:01.240 INFO  com.example.wiki.LogFilter.Filter                 :26   [32m                  [0;39m å½“å‰è¯·æ±‚è€—æ—¶12ms
2023-03-14 08:22:09.000 INFO  com.example.wiki.LogFilter.Filter                 :21   [32m                  [0;39m å½“å‰çš„è¯·æ±‚åœ°å€ä¸º/category/list
2023-03-14 08:22:09.001 INFO  com.example.wiki.LogFilter.Filter                 :22   [32m                  [0;39m è¿œç¨‹åœ°å€ä¸º0:0:0:0:0:0:0:1
2023-03-14 08:22:09.001 INFO  com.example.wiki.LogFilter.Filter                 :23   [32m                  [0;39m å½“å‰çš„è¯·æ±‚æ–¹å¼ä¸ºGET
2023-03-14 08:22:09.002 INFO  com.example.wiki.Interceptor.PostHandler          :17   [32m                  [0;39m å½“å‰çš„è¯·æ±‚åœ°å€ä¸º/category/list
2023-03-14 08:22:09.002 INFO  com.example.wiki.Interceptor.PostHandler          :18   [32m                  [0;39m è¿œç¨‹åœ°å€ä¸º0:0:0:0:0:0:0:1
2023-03-14 08:22:09.002 INFO  com.example.wiki.Interceptor.PostHandler          :19   [32m                  [0;39m å½“å‰çš„è¯·æ±‚æ–¹å¼ä¸ºGET
2023-03-14 08:22:09.009 INFO  com.example.wiki.Interceptor.PostHandler          :29   [32m                  [0;39m -----å½“å‰è¯·æ±‚è€—æ—¶:7ms-----
2023-03-14 08:22:09.009 INFO  com.example.wiki.LogFilter.Filter                 :26   [32m                  [0;39m å½“å‰è¯·æ±‚è€—æ—¶8ms
2023-03-14 08:22:37.301 INFO  com.example.wiki.LogFilter.Filter                 :21   [32m                  [0;39m å½“å‰çš„è¯·æ±‚åœ°å€ä¸º/category/list
2023-03-14 08:22:37.302 INFO  com.example.wiki.LogFilter.Filter                 :22   [32m                  [0;39m è¿œç¨‹åœ°å€ä¸º0:0:0:0:0:0:0:1
2023-03-14 08:22:37.302 INFO  com.example.wiki.LogFilter.Filter                 :23   [32m                  [0;39m å½“å‰çš„è¯·æ±‚æ–¹å¼ä¸ºGET
2023-03-14 08:22:37.303 INFO  com.example.wiki.Interceptor.PostHandler          :17   [32m                  [0;39m å½“å‰çš„è¯·æ±‚åœ°å€ä¸º/category/list
2023-03-14 08:22:37.303 INFO  com.example.wiki.Interceptor.PostHandler          :18   [32m                  [0;39m è¿œç¨‹åœ°å€ä¸º0:0:0:0:0:0:0:1
2023-03-14 08:22:37.303 INFO  com.example.wiki.Interceptor.PostHandler          :19   [32m                  [0;39m å½“å‰çš„è¯·æ±‚æ–¹å¼ä¸ºGET
2023-03-14 08:22:37.327 INFO  com.example.wiki.Interceptor.PostHandler          :29   [32m                  [0;39m -----å½“å‰è¯·æ±‚è€—æ—¶:24ms-----
2023-03-14 08:22:37.328 INFO  com.example.wiki.LogFilter.Filter                 :26   [32m                  [0;39m å½“å‰è¯·æ±‚è€—æ—¶26ms
2023-03-14 08:23:12.086 INFO  com.example.wiki.LogFilter.Filter                 :21   [32m                  [0;39m å½“å‰çš„è¯·æ±‚åœ°å€ä¸º/category/list
2023-03-14 08:23:12.087 INFO  com.example.wiki.LogFilter.Filter                 :22   [32m                  [0;39m è¿œç¨‹åœ°å€ä¸º0:0:0:0:0:0:0:1
2023-03-14 08:23:12.087 INFO  com.example.wiki.LogFilter.Filter                 :23   [32m                  [0;39m å½“å‰çš„è¯·æ±‚æ–¹å¼ä¸ºGET
2023-03-14 08:23:12.087 INFO  com.example.wiki.Interceptor.PostHandler          :17   [32m                  [0;39m å½“å‰çš„è¯·æ±‚åœ°å€ä¸º/category/list
2023-03-14 08:23:12.087 INFO  com.example.wiki.Interceptor.PostHandler          :18   [32m                  [0;39m è¿œç¨‹åœ°å€ä¸º0:0:0:0:0:0:0:1
2023-03-14 08:23:12.088 INFO  com.example.wiki.Interceptor.PostHandler          :19   [32m                  [0;39m å½“å‰çš„è¯·æ±‚æ–¹å¼ä¸ºGET
2023-03-14 08:23:12.103 INFO  com.example.wiki.Interceptor.PostHandler          :29   [32m                  [0;39m -----å½“å‰è¯·æ±‚è€—æ—¶:15ms-----
2023-03-14 08:23:12.104 INFO  com.example.wiki.LogFilter.Filter                 :26   [32m                  [0;39m å½“å‰è¯·æ±‚è€—æ—¶17ms
2023-03-14 08:23:57.687 INFO  com.example.wiki.LogFilter.Filter                 :21   [32m                  [0;39m å½“å‰çš„è¯·æ±‚åœ°å€ä¸º/category/list
2023-03-14 08:23:57.687 INFO  com.example.wiki.LogFilter.Filter                 :22   [32m                  [0;39m è¿œç¨‹åœ°å€ä¸º0:0:0:0:0:0:0:1
2023-03-14 08:23:57.687 INFO  com.example.wiki.LogFilter.Filter                 :23   [32m                  [0;39m å½“å‰çš„è¯·æ±‚æ–¹å¼ä¸ºGET
2023-03-14 08:23:57.689 INFO  com.example.wiki.Interceptor.PostHandler          :17   [32m                  [0;39m å½“å‰çš„è¯·æ±‚åœ°å€ä¸º/category/list
2023-03-14 08:23:57.689 INFO  com.example.wiki.Interceptor.PostHandler          :18   [32m                  [0;39m è¿œç¨‹åœ°å€ä¸º0:0:0:0:0:0:0:1
2023-03-14 08:23:57.689 INFO  com.example.wiki.Interceptor.PostHandler          :19   [32m                  [0;39m å½“å‰çš„è¯·æ±‚æ–¹å¼ä¸ºGET
2023-03-14 08:23:57.696 INFO  com.example.wiki.Interceptor.PostHandler          :29   [32m                  [0;39m -----å½“å‰è¯·æ±‚è€—æ—¶:7ms-----
2023-03-14 08:23:57.696 INFO  com.example.wiki.LogFilter.Filter                 :26   [32m                  [0;39m å½“å‰è¯·æ±‚è€—æ—¶9ms
2023-03-14 08:24:35.466 INFO  com.example.wiki.LogFilter.Filter                 :21   [32m                  [0;39m å½“å‰çš„è¯·æ±‚åœ°å€ä¸º/category/list
2023-03-14 08:24:35.467 INFO  com.example.wiki.LogFilter.Filter                 :22   [32m                  [0;39m è¿œç¨‹åœ°å€ä¸º0:0:0:0:0:0:0:1
2023-03-14 08:24:35.467 INFO  com.example.wiki.LogFilter.Filter                 :23   [32m                  [0;39m å½“å‰çš„è¯·æ±‚æ–¹å¼ä¸ºGET
2023-03-14 08:24:35.467 INFO  com.example.wiki.Interceptor.PostHandler          :17   [32m                  [0;39m å½“å‰çš„è¯·æ±‚åœ°å€ä¸º/category/list
2023-03-14 08:24:35.467 INFO  com.example.wiki.Interceptor.PostHandler          :18   [32m                  [0;39m è¿œç¨‹åœ°å€ä¸º0:0:0:0:0:0:0:1
2023-03-14 08:24:35.468 INFO  com.example.wiki.Interceptor.PostHandler          :19   [32m                  [0;39m å½“å‰çš„è¯·æ±‚æ–¹å¼ä¸ºGET
2023-03-14 08:24:35.474 INFO  com.example.wiki.Interceptor.PostHandler          :29   [32m                  [0;39m -----å½“å‰è¯·æ±‚è€—æ—¶:6ms-----
2023-03-14 08:24:35.474 INFO  com.example.wiki.LogFilter.Filter                 :26   [32m                  [0;39m å½“å‰è¯·æ±‚è€—æ—¶7ms
2023-03-14 08:24:44.549 INFO  com.example.wiki.LogFilter.Filter                 :21   [32m                  [0;39m å½“å‰çš„è¯·æ±‚åœ°å€ä¸º/user/login
2023-03-14 08:24:44.550 INFO  com.example.wiki.LogFilter.Filter                 :22   [32m                  [0;39m è¿œç¨‹åœ°å€ä¸º0:0:0:0:0:0:0:1
2023-03-14 08:24:44.550 INFO  com.example.wiki.LogFilter.Filter                 :23   [32m                  [0;39m å½“å‰çš„è¯·æ±‚æ–¹å¼ä¸ºOPTIONS
2023-03-14 08:24:44.553 INFO  com.example.wiki.Interceptor.PostHandler          :17   [32m                  [0;39m å½“å‰çš„è¯·æ±‚åœ°å€ä¸º/user/login
2023-03-14 08:24:44.553 INFO  com.example.wiki.Interceptor.PostHandler          :18   [32m                  [0;39m è¿œç¨‹åœ°å€ä¸º0:0:0:0:0:0:0:1
2023-03-14 08:24:44.553 INFO  com.example.wiki.Interceptor.PostHandler          :19   [32m                  [0;39m å½“å‰çš„è¯·æ±‚æ–¹å¼ä¸ºOPTIONS
2023-03-14 08:24:44.554 INFO  com.example.wiki.Interceptor.PostHandler          :29   [32m                  [0;39m -----å½“å‰è¯·æ±‚è€—æ—¶:0ms-----
2023-03-14 08:24:44.559 INFO  com.example.wiki.LogFilter.Filter                 :26   [32m                  [0;39m å½“å‰è¯·æ±‚è€—æ—¶9ms
2023-03-14 08:24:44.563 INFO  com.example.wiki.LogFilter.Filter                 :21   [32m                  [0;39m å½“å‰çš„è¯·æ±‚åœ°å€ä¸º/user/login
2023-03-14 08:24:44.563 INFO  com.example.wiki.LogFilter.Filter                 :22   [32m                  [0;39m è¿œç¨‹åœ°å€ä¸º0:0:0:0:0:0:0:1
2023-03-14 08:24:44.563 INFO  com.example.wiki.LogFilter.Filter                 :23   [32m                  [0;39m å½“å‰çš„è¯·æ±‚æ–¹å¼ä¸ºPOST
2023-03-14 08:24:44.564 INFO  com.example.wiki.Interceptor.PostHandler          :17   [32m                  [0;39m å½“å‰çš„è¯·æ±‚åœ°å€ä¸º/user/login
2023-03-14 08:24:44.565 INFO  com.example.wiki.Interceptor.PostHandler          :18   [32m                  [0;39m è¿œç¨‹åœ°å€ä¸º0:0:0:0:0:0:0:1
2023-03-14 08:24:44.565 INFO  com.example.wiki.Interceptor.PostHandler          :19   [32m                  [0;39m å½“å‰çš„è¯·æ±‚æ–¹å¼ä¸ºPOST
2023-03-14 08:24:44.701 INFO  com.example.wiki.service.impl.UserServiceImpl     :122  [32m                  [0;39m ç™»å½•å¯†ç ä¸ºï¼š202cb962ac59075b964b07152d234b70
2023-03-14 08:24:44.701 INFO  com.example.wiki.controller.UserController        :95   [32m                  [0;39m ç™»å½•ä¿¡æ¯å·²ç»æ”¾å…¥redisä¸­ï¼š290641295498678272
2023-03-14 08:24:44.702 INFO  com.example.wiki.controller.UserController        :96   [32m                  [0;39m ç™»å½•ç”¨æˆ·ä¸ºUserResp{loginName='123', name='123', token=290641295498678272}
2023-03-14 08:24:44.703 INFO  com.example.wiki.Interceptor.PostHandler          :29   [32m                  [0;39m -----å½“å‰è¯·æ±‚è€—æ—¶:138ms-----
2023-03-14 08:24:44.704 INFO  com.example.wiki.LogFilter.Filter                 :26   [32m                  [0;39m å½“å‰è¯·æ±‚è€—æ—¶140ms
2023-03-14 08:24:52.152 INFO  com.example.wiki.LogFilter.Filter                 :21   [32m                  [0;39m å½“å‰çš„è¯·æ±‚åœ°å€ä¸º/category/list
2023-03-14 08:24:52.152 INFO  com.example.wiki.LogFilter.Filter                 :22   [32m                  [0;39m è¿œç¨‹åœ°å€ä¸º0:0:0:0:0:0:0:1
2023-03-14 08:24:52.152 INFO  com.example.wiki.LogFilter.Filter                 :23   [32m                  [0;39m å½“å‰çš„è¯·æ±‚æ–¹å¼ä¸ºGET
2023-03-14 08:24:52.153 INFO  com.example.wiki.Interceptor.PostHandler          :17   [32m                  [0;39m å½“å‰çš„è¯·æ±‚åœ°å€ä¸º/category/list
2023-03-14 08:24:52.153 INFO  com.example.wiki.Interceptor.PostHandler          :18   [32m                  [0;39m è¿œç¨‹åœ°å€ä¸º0:0:0:0:0:0:0:1
2023-03-14 08:24:52.154 INFO  com.example.wiki.Interceptor.PostHandler          :19   [32m                  [0;39m å½“å‰çš„è¯·æ±‚æ–¹å¼ä¸ºGET
2023-03-14 08:24:52.184 INFO  com.example.wiki.Interceptor.PostHandler          :29   [32m                  [0;39m -----å½“å‰è¯·æ±‚è€—æ—¶:30ms-----
2023-03-14 08:24:52.184 INFO  com.example.wiki.LogFilter.Filter                 :26   [32m                  [0;39m å½“å‰è¯·æ±‚è€—æ—¶31ms
2023-03-14 08:24:56.964 INFO  com.example.wiki.LogFilter.Filter                 :21   [32m                  [0;39m å½“å‰çš„è¯·æ±‚åœ°å€ä¸º/user/login
2023-03-14 08:24:56.965 INFO  com.example.wiki.LogFilter.Filter                 :22   [32m                  [0;39m è¿œç¨‹åœ°å€ä¸º0:0:0:0:0:0:0:1
2023-03-14 08:24:56.965 INFO  com.example.wiki.LogFilter.Filter                 :23   [32m                  [0;39m å½“å‰çš„è¯·æ±‚æ–¹å¼ä¸ºPOST
2023-03-14 08:24:56.965 INFO  com.example.wiki.Interceptor.PostHandler          :17   [32m                  [0;39m å½“å‰çš„è¯·æ±‚åœ°å€ä¸º/user/login
2023-03-14 08:24:56.965 INFO  com.example.wiki.Interceptor.PostHandler          :18   [32m                  [0;39m è¿œç¨‹åœ°å€ä¸º0:0:0:0:0:0:0:1
2023-03-14 08:24:56.966 INFO  com.example.wiki.Interceptor.PostHandler          :19   [32m                  [0;39m å½“å‰çš„è¯·æ±‚æ–¹å¼ä¸ºPOST
2023-03-14 08:24:56.969 INFO  com.example.wiki.service.impl.UserServiceImpl     :122  [32m                  [0;39m ç™»å½•å¯†ç ä¸ºï¼š202cb962ac59075b964b07152d234b70
2023-03-14 08:24:56.969 INFO  com.example.wiki.controller.UserController        :95   [32m                  [0;39m ç™»å½•ä¿¡æ¯å·²ç»æ”¾å…¥redisä¸­ï¼š290641346954399744
2023-03-14 08:24:56.969 INFO  com.example.wiki.controller.UserController        :96   [32m                  [0;39m ç™»å½•ç”¨æˆ·ä¸ºUserResp{loginName='123', name='123', token=290641346954399744}
2023-03-14 08:24:56.970 INFO  com.example.wiki.Interceptor.PostHandler          :29   [32m                  [0;39m -----å½“å‰è¯·æ±‚è€—æ—¶:4ms-----
2023-03-14 08:24:56.970 INFO  com.example.wiki.LogFilter.Filter                 :26   [32m                  [0;39m å½“å‰è¯·æ±‚è€—æ—¶5ms
2023-03-14 08:25:10.202 INFO  com.example.wiki.LogFilter.Filter                 :21   [32m                  [0;39m å½“å‰çš„è¯·æ±‚åœ°å€ä¸º/category/list
2023-03-14 08:25:10.203 INFO  com.example.wiki.LogFilter.Filter                 :22   [32m                  [0;39m è¿œç¨‹åœ°å€ä¸º0:0:0:0:0:0:0:1
2023-03-14 08:25:10.203 INFO  com.example.wiki.LogFilter.Filter                 :23   [32m                  [0;39m å½“å‰çš„è¯·æ±‚æ–¹å¼ä¸ºGET
2023-03-14 08:25:10.203 INFO  com.example.wiki.Interceptor.PostHandler          :17   [32m                  [0;39m å½“å‰çš„è¯·æ±‚åœ°å€ä¸º/category/list
2023-03-14 08:25:10.203 INFO  com.example.wiki.Interceptor.PostHandler          :18   [32m                  [0;39m è¿œç¨‹åœ°å€ä¸º0:0:0:0:0:0:0:1
2023-03-14 08:25:10.204 INFO  com.example.wiki.Interceptor.PostHandler          :19   [32m                  [0;39m å½“å‰çš„è¯·æ±‚æ–¹å¼ä¸ºGET
2023-03-14 08:25:10.209 INFO  com.example.wiki.Interceptor.PostHandler          :29   [32m                  [0;39m -----å½“å‰è¯·æ±‚è€—æ—¶:5ms-----
2023-03-14 08:25:10.210 INFO  com.example.wiki.LogFilter.Filter                 :26   [32m                  [0;39m å½“å‰è¯·æ±‚è€—æ—¶7ms
2023-03-14 08:25:13.595 INFO  com.example.wiki.LogFilter.Filter                 :21   [32m                  [0;39m å½“å‰çš„è¯·æ±‚åœ°å€ä¸º/user/login
2023-03-14 08:25:13.596 INFO  com.example.wiki.LogFilter.Filter                 :22   [32m                  [0;39m è¿œç¨‹åœ°å€ä¸º0:0:0:0:0:0:0:1
2023-03-14 08:25:13.596 INFO  com.example.wiki.LogFilter.Filter                 :23   [32m                  [0;39m å½“å‰çš„è¯·æ±‚æ–¹å¼ä¸ºPOST
2023-03-14 08:25:13.598 INFO  com.example.wiki.Interceptor.PostHandler          :17   [32m                  [0;39m å½“å‰çš„è¯·æ±‚åœ°å€ä¸º/user/login
2023-03-14 08:25:13.598 INFO  com.example.wiki.Interceptor.PostHandler          :18   [32m                  [0;39m è¿œç¨‹åœ°å€ä¸º0:0:0:0:0:0:0:1
2023-03-14 08:25:13.598 INFO  com.example.wiki.Interceptor.PostHandler          :19   [32m                  [0;39m å½“å‰çš„è¯·æ±‚æ–¹å¼ä¸ºPOST
2023-03-14 08:25:13.604 INFO  com.example.wiki.service.impl.UserServiceImpl     :122  [32m                  [0;39m ç™»å½•å¯†ç ä¸ºï¼š202cb962ac59075b964b07152d234b70
2023-03-14 08:25:13.604 INFO  com.example.wiki.controller.UserController        :95   [32m                  [0;39m ç™»å½•ä¿¡æ¯å·²ç»æ”¾å…¥redisä¸­ï¼š290641416726646784
2023-03-14 08:25:13.605 INFO  com.example.wiki.controller.UserController        :96   [32m                  [0;39m ç™»å½•ç”¨æˆ·ä¸ºUserResp{loginName='123', name='123', token=290641416726646784}
2023-03-14 08:25:13.606 INFO  com.example.wiki.Interceptor.PostHandler          :29   [32m                  [0;39m -----å½“å‰è¯·æ±‚è€—æ—¶:7ms-----
2023-03-14 08:25:13.606 INFO  com.example.wiki.LogFilter.Filter                 :26   [32m                  [0;39m å½“å‰è¯·æ±‚è€—æ—¶9ms
2023-03-14 08:25:39.591 INFO  com.example.wiki.LogFilter.Filter                 :21   [32m                  [0;39m å½“å‰çš„è¯·æ±‚åœ°å€ä¸º/category/list
2023-03-14 08:25:39.591 INFO  com.example.wiki.LogFilter.Filter                 :22   [32m                  [0;39m è¿œç¨‹åœ°å€ä¸º0:0:0:0:0:0:0:1
2023-03-14 08:25:39.591 INFO  com.example.wiki.LogFilter.Filter                 :23   [32m                  [0;39m å½“å‰çš„è¯·æ±‚æ–¹å¼ä¸ºGET
2023-03-14 08:25:39.592 INFO  com.example.wiki.Interceptor.PostHandler          :17   [32m                  [0;39m å½“å‰çš„è¯·æ±‚åœ°å€ä¸º/category/list
2023-03-14 08:25:39.592 INFO  com.example.wiki.Interceptor.PostHandler          :18   [32m                  [0;39m è¿œç¨‹åœ°å€ä¸º0:0:0:0:0:0:0:1
2023-03-14 08:25:39.593 INFO  com.example.wiki.Interceptor.PostHandler          :19   [32m                  [0;39m å½“å‰çš„è¯·æ±‚æ–¹å¼ä¸ºGET
2023-03-14 08:25:39.598 INFO  com.example.wiki.Interceptor.PostHandler          :29   [32m                  [0;39m -----å½“å‰è¯·æ±‚è€—æ—¶:5ms-----
2023-03-14 08:25:39.599 INFO  com.example.wiki.LogFilter.Filter                 :26   [32m                  [0;39m å½“å‰è¯·æ±‚è€—æ—¶7ms
2023-03-14 08:28:04.780 INFO  com.example.wiki.LogFilter.Filter                 :21   [32m                  [0;39m å½“å‰çš„è¯·æ±‚åœ°å€ä¸º/category/list
2023-03-14 08:28:04.780 INFO  com.example.wiki.LogFilter.Filter                 :22   [32m                  [0;39m è¿œç¨‹åœ°å€ä¸º0:0:0:0:0:0:0:1
2023-03-14 08:28:04.781 INFO  com.example.wiki.LogFilter.Filter                 :23   [32m                  [0;39m å½“å‰çš„è¯·æ±‚æ–¹å¼ä¸ºGET
2023-03-14 08:28:04.781 INFO  com.example.wiki.Interceptor.PostHandler          :17   [32m                  [0;39m å½“å‰çš„è¯·æ±‚åœ°å€ä¸º/category/list
2023-03-14 08:28:04.782 INFO  com.example.wiki.Interceptor.PostHandler          :18   [32m                  [0;39m è¿œç¨‹åœ°å€ä¸º0:0:0:0:0:0:0:1
2023-03-14 08:28:04.782 INFO  com.example.wiki.Interceptor.PostHandler          :19   [32m                  [0;39m å½“å‰çš„è¯·æ±‚æ–¹å¼ä¸ºGET
2023-03-14 08:28:04.788 INFO  com.example.wiki.Interceptor.PostHandler          :29   [32m                  [0;39m -----å½“å‰è¯·æ±‚è€—æ—¶:6ms-----
2023-03-14 08:28:04.788 INFO  com.example.wiki.LogFilter.Filter                 :26   [32m                  [0;39m å½“å‰è¯·æ±‚è€—æ—¶7ms
2023-03-14 08:29:22.148 INFO  com.example.wiki.LogFilter.Filter                 :21   [32m                  [0;39m å½“å‰çš„è¯·æ±‚åœ°å€ä¸º/category/list
2023-03-14 08:29:22.148 INFO  com.example.wiki.LogFilter.Filter                 :22   [32m                  [0;39m è¿œç¨‹åœ°å€ä¸º0:0:0:0:0:0:0:1
2023-03-14 08:29:22.149 INFO  com.example.wiki.LogFilter.Filter                 :23   [32m                  [0;39m å½“å‰çš„è¯·æ±‚æ–¹å¼ä¸ºGET
2023-03-14 08:29:22.149 INFO  com.example.wiki.Interceptor.PostHandler          :17   [32m                  [0;39m å½“å‰çš„è¯·æ±‚åœ°å€ä¸º/category/list
2023-03-14 08:29:22.151 INFO  com.example.wiki.Interceptor.PostHandler          :18   [32m                  [0;39m è¿œç¨‹åœ°å€ä¸º0:0:0:0:0:0:0:1
2023-03-14 08:29:22.151 INFO  com.example.wiki.Interceptor.PostHandler          :19   [32m                  [0;39m å½“å‰çš„è¯·æ±‚æ–¹å¼ä¸ºGET
2023-03-14 08:29:22.157 INFO  com.example.wiki.Interceptor.PostHandler          :29   [32m                  [0;39m -----å½“å‰è¯·æ±‚è€—æ—¶:6ms-----
2023-03-14 08:29:22.158 INFO  com.example.wiki.LogFilter.Filter                 :26   [32m                  [0;39m å½“å‰è¯·æ±‚è€—æ—¶9ms
2023-03-14 08:29:32.905 INFO  com.example.wiki.LogFilter.Filter                 :21   [32m                  [0;39m å½“å‰çš„è¯·æ±‚åœ°å€ä¸º/category/list
2023-03-14 08:29:32.905 INFO  com.example.wiki.LogFilter.Filter                 :22   [32m                  [0;39m è¿œç¨‹åœ°å€ä¸º0:0:0:0:0:0:0:1
2023-03-14 08:29:32.905 INFO  com.example.wiki.LogFilter.Filter                 :23   [32m                  [0;39m å½“å‰çš„è¯·æ±‚æ–¹å¼ä¸ºGET
2023-03-14 08:29:32.906 INFO  com.example.wiki.Interceptor.PostHandler          :17   [32m                  [0;39m å½“å‰çš„è¯·æ±‚åœ°å€ä¸º/category/list
2023-03-14 08:29:32.906 INFO  com.example.wiki.Interceptor.PostHandler          :18   [32m                  [0;39m è¿œç¨‹åœ°å€ä¸º0:0:0:0:0:0:0:1
2023-03-14 08:29:32.906 INFO  com.example.wiki.Interceptor.PostHandler          :19   [32m                  [0;39m å½“å‰çš„è¯·æ±‚æ–¹å¼ä¸ºGET
2023-03-14 08:29:32.920 INFO  com.example.wiki.Interceptor.PostHandler          :29   [32m                  [0;39m -----å½“å‰è¯·æ±‚è€—æ—¶:13ms-----
2023-03-14 08:29:32.920 INFO  com.example.wiki.LogFilter.Filter                 :26   [32m                  [0;39m å½“å‰è¯·æ±‚è€—æ—¶14ms
2023-03-14 08:29:34.019 INFO  com.example.wiki.LogFilter.Filter                 :21   [32m                  [0;39m å½“å‰çš„è¯·æ±‚åœ°å€ä¸º/user/list/1/3
2023-03-14 08:29:34.019 INFO  com.example.wiki.LogFilter.Filter                 :22   [32m                  [0;39m è¿œç¨‹åœ°å€ä¸º0:0:0:0:0:0:0:1
2023-03-14 08:29:34.019 INFO  com.example.wiki.LogFilter.Filter                 :23   [32m                  [0;39m å½“å‰çš„è¯·æ±‚æ–¹å¼ä¸ºGET
2023-03-14 08:29:34.021 INFO  com.example.wiki.Interceptor.PostHandler          :17   [32m                  [0;39m å½“å‰çš„è¯·æ±‚åœ°å€ä¸º/user/list/1/3
2023-03-14 08:29:34.021 INFO  com.example.wiki.Interceptor.PostHandler          :18   [32m                  [0;39m è¿œç¨‹åœ°å€ä¸º0:0:0:0:0:0:0:1
2023-03-14 08:29:34.021 INFO  com.example.wiki.Interceptor.PostHandler          :19   [32m                  [0;39m å½“å‰çš„è¯·æ±‚æ–¹å¼ä¸ºGET
2023-03-14 08:29:34.109 INFO  com.example.wiki.Interceptor.PostHandler          :29   [32m                  [0;39m -----å½“å‰è¯·æ±‚è€—æ—¶:88ms-----
2023-03-14 08:29:34.110 INFO  com.example.wiki.LogFilter.Filter                 :26   [32m                  [0;39m å½“å‰è¯·æ±‚è€—æ—¶90ms
2023-03-14 08:29:35.492 INFO  com.example.wiki.LogFilter.Filter                 :21   [32m                  [0;39m å½“å‰çš„è¯·æ±‚åœ°å€ä¸º/category/list
2023-03-14 08:29:35.493 INFO  com.example.wiki.LogFilter.Filter                 :22   [32m                  [0;39m è¿œç¨‹åœ°å€ä¸º0:0:0:0:0:0:0:1
2023-03-14 08:29:35.493 INFO  com.example.wiki.LogFilter.Filter                 :23   [32m                  [0;39m å½“å‰çš„è¯·æ±‚æ–¹å¼ä¸ºGET
2023-03-14 08:29:35.493 INFO  com.example.wiki.Interceptor.PostHandler          :17   [32m                  [0;39m å½“å‰çš„è¯·æ±‚åœ°å€ä¸º/category/list
2023-03-14 08:29:35.493 INFO  com.example.wiki.Interceptor.PostHandler          :18   [32m                  [0;39m è¿œç¨‹åœ°å€ä¸º0:0:0:0:0:0:0:1
2023-03-14 08:29:35.493 INFO  com.example.wiki.Interceptor.PostHandler          :19   [32m                  [0;39m å½“å‰çš„è¯·æ±‚æ–¹å¼ä¸ºGET
2023-03-14 08:29:35.498 INFO  com.example.wiki.Interceptor.PostHandler          :29   [32m                  [0;39m -----å½“å‰è¯·æ±‚è€—æ—¶:4ms-----
2023-03-14 08:29:35.498 INFO  com.example.wiki.LogFilter.Filter                 :26   [32m                  [0;39m å½“å‰è¯·æ±‚è€—æ—¶5ms
2023-03-14 18:05:24.455 INFO  com.example.wiki.LogFilter.Filter                 :21   [32m                  [0;39m å½“å‰çš„è¯·æ±‚åœ°å€ä¸º/
2023-03-14 18:05:24.465 INFO  com.example.wiki.LogFilter.Filter                 :22   [32m                  [0;39m è¿œç¨‹åœ°å€ä¸º192.168.123.1
2023-03-14 18:05:24.465 INFO  com.example.wiki.LogFilter.Filter                 :23   [32m                  [0;39m å½“å‰çš„è¯·æ±‚æ–¹å¼ä¸ºGET
2023-03-14 18:05:24.493 INFO  com.example.wiki.Interceptor.PostHandler          :17   [32m                  [0;39m å½“å‰çš„è¯·æ±‚åœ°å€ä¸º/
2023-03-14 18:05:24.494 INFO  com.example.wiki.Interceptor.PostHandler          :18   [32m                  [0;39m è¿œç¨‹åœ°å€ä¸º192.168.123.1
2023-03-14 18:05:24.494 INFO  com.example.wiki.Interceptor.PostHandler          :19   [32m                  [0;39m å½“å‰çš„è¯·æ±‚æ–¹å¼ä¸ºGET
2023-03-14 18:05:24.496 INFO  com.example.wiki.Interceptor.PostHandler          :29   [32m                  [0;39m -----å½“å‰è¯·æ±‚è€—æ—¶:2ms-----
2023-03-14 18:05:24.499 INFO  com.example.wiki.LogFilter.Filter                 :26   [32m                  [0;39m å½“å‰è¯·æ±‚è€—æ—¶33ms
2023-03-14 18:05:24.525 INFO  com.example.wiki.Interceptor.PostHandler          :17   [32m                  [0;39m å½“å‰çš„è¯·æ±‚åœ°å€ä¸º/error
2023-03-14 18:05:24.525 INFO  com.example.wiki.Interceptor.PostHandler          :18   [32m                  [0;39m è¿œç¨‹åœ°å€ä¸º192.168.123.1
2023-03-14 18:05:24.525 INFO  com.example.wiki.Interceptor.PostHandler          :19   [32m                  [0;39m å½“å‰çš„è¯·æ±‚æ–¹å¼ä¸ºGET
2023-03-14 18:05:24.585 INFO  com.example.wiki.Interceptor.PostHandler          :29   [32m                  [0;39m -----å½“å‰è¯·æ±‚è€—æ—¶:60ms-----
